{"numTotalTestSuites":2,"numPassedTestSuites":2,"numFailedTestSuites":0,"numPendingTestSuites":0,"numTotalTests":9,"numPassedTests":9,"numFailedTests":0,"numPendingTests":0,"numTodoTests":0,"snapshot":{"added":0,"failure":false,"filesAdded":0,"filesRemoved":0,"filesRemovedList":[],"filesUnmatched":0,"filesUpdated":0,"matched":0,"total":0,"unchecked":0,"uncheckedKeysByFile":[],"unmatched":0,"updated":0,"didUpdate":false},"startTime":1768892034160,"success":true,"testResults":[{"assertionResults":[{"ancestorTitles":["PortalLayout"],"fullName":"PortalLayout renders all layout sections","status":"passed","title":"renders all layout sections","duration":307.0093030000003,"failureMessages":[],"meta":{}},{"ancestorTitles":["PortalLayout"],"fullName":"PortalLayout renders with default content when no props provided","status":"passed","title":"renders with default content when no props provided","duration":38.67890899999975,"failureMessages":[],"meta":{}},{"ancestorTitles":["PortalLayout"],"fullName":"PortalLayout toggles sidebar collapsed state","status":"passed","title":"toggles sidebar collapsed state","duration":173.21677200000022,"failureMessages":[],"meta":{}},{"ancestorTitles":["PortalLayout"],"fullName":"PortalLayout responds to viewport changes","status":"passed","title":"responds to viewport changes","duration":85.96628599999985,"failureMessages":[],"meta":{}},{"ancestorTitles":["PortalLayout"],"fullName":"PortalLayout persists collapsed state to localStorage","status":"passed","title":"persists collapsed state to localStorage","duration":40.06501399999979,"failureMessages":[],"meta":{}},{"ancestorTitles":["PortalLayout"],"fullName":"PortalLayout loads collapsed state from localStorage","status":"passed","title":"loads collapsed state from localStorage","duration":56.24156300000004,"failureMessages":[],"meta":{}},{"ancestorTitles":["PortalLayout"],"fullName":"PortalLayout starts collapsed on mobile","status":"passed","title":"starts collapsed on mobile","duration":47.34817100000009,"failureMessages":[],"meta":{}},{"ancestorTitles":["PortalLayout"],"fullName":"PortalLayout renders tab bar when provided","status":"passed","title":"renders tab bar when provided","duration":33.10026700000026,"failureMessages":[],"meta":{}},{"ancestorTitles":["PortalLayout"],"fullName":"PortalLayout does not render tab bar when not provided","status":"passed","title":"does not render tab bar when not provided","duration":33.21633799999972,"failureMessages":[],"meta":{}}],"startTime":1768892037076,"endTime":1768892037891.2163,"status":"passed","message":"","name":"/home/jji/project/mes-poc/mes-portal/components/layout/__tests__/PortalLayout.test.tsx"}],"coverageMap":{"/home/jji/project/mes-poc/mes-portal/components/layout/PortalLayout.tsx":{"path":"/home/jji/project/mes-poc/mes-portal/components/layout/PortalLayout.tsx","statementMap":{"0":{"start":{"line":6,"column":43},"end":{"line":6,"column":null}},"1":{"start":{"line":8,"column":20},"end":{"line":8,"column":null}},"2":{"start":{"line":25,"column":32},"end":{"line":25,"column":null}},"3":{"start":{"line":26,"column":30},"end":{"line":26,"column":null}},"4":{"start":{"line":29,"column":2},"end":{"line":51,"column":null}},"5":{"start":{"line":30,"column":18},"end":{"line":30,"column":null}},"6":{"start":{"line":33,"column":28},"end":{"line":46,"column":null}},"7":{"start":{"line":34,"column":20},"end":{"line":34,"column":null}},"8":{"start":{"line":35,"column":21},"end":{"line":35,"column":null}},"9":{"start":{"line":36,"column":21},"end":{"line":36,"column":null}},"10":{"start":{"line":37,"column":6},"end":{"line":37,"column":null}},"11":{"start":{"line":40,"column":6},"end":{"line":45,"column":null}},"12":{"start":{"line":41,"column":8},"end":{"line":41,"column":null}},"13":{"start":{"line":42,"column":6},"end":{"line":45,"column":null}},"14":{"start":{"line":44,"column":8},"end":{"line":44,"column":null}},"15":{"start":{"line":48,"column":4},"end":{"line":48,"column":null}},"16":{"start":{"line":49,"column":4},"end":{"line":49,"column":null}},"17":{"start":{"line":50,"column":4},"end":{"line":50,"column":null}},"18":{"start":{"line":50,"column":17},"end":{"line":50,"column":null}},"19":{"start":{"line":54,"column":25},"end":{"line":57,"column":null}},"20":{"start":{"line":55,"column":4},"end":{"line":55,"column":null}},"21":{"start":{"line":56,"column":4},"end":{"line":56,"column":null}},"22":{"start":{"line":59,"column":2},"end":{"line":169,"column":null}}},"fnMap":{"0":{"name":"PortalLayout","decl":{"start":{"line":18,"column":16},"end":{"line":18,"column":29}},"loc":{"start":{"line":24,"column":22},"end":{"line":171,"column":null}},"line":24},"1":{"name":"(anonymous_1)","decl":{"start":{"line":29,"column":12},"end":{"line":29,"column":18}},"loc":{"start":{"line":29,"column":18},"end":{"line":51,"column":5}},"line":29},"2":{"name":"(anonymous_2)","decl":{"start":{"line":33,"column":28},"end":{"line":33,"column":34}},"loc":{"start":{"line":33,"column":34},"end":{"line":46,"column":null}},"line":33},"3":{"name":"(anonymous_3)","decl":{"start":{"line":50,"column":11},"end":{"line":50,"column":17}},"loc":{"start":{"line":50,"column":17},"end":{"line":50,"column":null}},"line":50},"4":{"name":"(anonymous_4)","decl":{"start":{"line":54,"column":25},"end":{"line":54,"column":26}},"loc":{"start":{"line":54,"column":45},"end":{"line":57,"column":null}},"line":54}},"branchMap":{"0":{"loc":{"start":{"line":36,"column":21},"end":{"line":36,"column":null}},"type":"binary-expr","locations":[{"start":{"line":36,"column":21},"end":{"line":36,"column":37}},{"start":{"line":36,"column":37},"end":{"line":36,"column":null}}],"line":36},"1":{"loc":{"start":{"line":40,"column":6},"end":{"line":45,"column":null}},"type":"if","locations":[{"start":{"line":40,"column":6},"end":{"line":45,"column":null}},{"start":{"line":42,"column":6},"end":{"line":45,"column":null}}],"line":40},"2":{"loc":{"start":{"line":40,"column":10},"end":{"line":40,"column":28}},"type":"binary-expr","locations":[{"start":{"line":40,"column":10},"end":{"line":40,"column":20}},{"start":{"line":40,"column":20},"end":{"line":40,"column":28}}],"line":40},"3":{"loc":{"start":{"line":42,"column":6},"end":{"line":45,"column":null}},"type":"if","locations":[{"start":{"line":42,"column":6},"end":{"line":45,"column":null}},{"start":{},"end":{}}],"line":42},"4":{"loc":{"start":{"line":80,"column":9},"end":{"line":80,"column":null}},"type":"binary-expr","locations":[{"start":{"line":80,"column":9},"end":{"line":80,"column":19}},{"start":{"line":80,"column":19},"end":{"line":80,"column":null}}],"line":80},"5":{"loc":{"start":{"line":93,"column":15},"end":{"line":93,"column":null}},"type":"cond-expr","locations":[{"start":{"line":93,"column":27},"end":{"line":93,"column":33}},{"start":{"line":93,"column":33},"end":{"line":93,"column":null}}],"line":93},"6":{"loc":{"start":{"line":106,"column":11},"end":{"line":109,"column":null}},"type":"binary-expr","locations":[{"start":{"line":106,"column":11},"end":{"line":106,"column":null}},{"start":{"line":107,"column":12},"end":{"line":109,"column":null}}],"line":106},"7":{"loc":{"start":{"line":108,"column":15},"end":{"line":108,"column":null}},"type":"cond-expr","locations":[{"start":{"line":108,"column":27},"end":{"line":108,"column":32}},{"start":{"line":108,"column":32},"end":{"line":108,"column":null}}],"line":108},"8":{"loc":{"start":{"line":115,"column":24},"end":{"line":115,"column":null}},"type":"cond-expr","locations":[{"start":{"line":115,"column":36},"end":{"line":115,"column":41}},{"start":{"line":115,"column":41},"end":{"line":115,"column":null}}],"line":115},"9":{"loc":{"start":{"line":122,"column":11},"end":{"line":132,"column":null}},"type":"binary-expr","locations":[{"start":{"line":122,"column":11},"end":{"line":122,"column":null}},{"start":{"line":123,"column":12},"end":{"line":132,"column":null}}],"line":122},"10":{"loc":{"start":{"line":160,"column":13},"end":{"line":164,"column":null}},"type":"binary-expr","locations":[{"start":{"line":160,"column":13},"end":{"line":160,"column":null}},{"start":{"line":161,"column":14},"end":{"line":164,"column":null}}],"line":160}},"s":{"0":1,"1":1,"2":18,"3":18,"4":18,"5":9,"6":9,"7":10,"8":10,"9":10,"10":10,"11":10,"12":2,"13":8,"14":1,"15":9,"16":9,"17":9,"18":9,"19":18,"20":3,"21":3,"22":18},"f":{"0":18,"1":9,"2":10,"3":9,"4":3},"b":{"0":[10,8],"1":[2,8],"2":[10,8],"3":[1,7],"4":[18,17],"5":[8,10],"6":[18,17],"7":[8,9],"8":[8,10],"9":[18,1],"10":[18,17]},"meta":{"lastBranch":11,"lastFunction":5,"lastStatement":23,"seen":{"s:6:43:6:Infinity":0,"s:8:20:8:Infinity":1,"f:18:16:18:29":0,"s:25:32:25:Infinity":2,"s:26:30:26:Infinity":3,"s:29:2:51:Infinity":4,"f:29:12:29:18":1,"s:30:18:30:Infinity":5,"s:33:28:46:Infinity":6,"f:33:28:33:34":2,"s:34:20:34:Infinity":7,"s:35:21:35:Infinity":8,"s:36:21:36:Infinity":9,"b:36:21:36:37:36:37:36:Infinity":0,"s:37:6:37:Infinity":10,"b:40:6:45:Infinity:42:6:45:Infinity":1,"s:40:6:45:Infinity":11,"b:40:10:40:20:40:20:40:28":2,"s:41:8:41:Infinity":12,"b:42:6:45:Infinity:undefined:undefined:undefined:undefined":3,"s:42:6:45:Infinity":13,"s:44:8:44:Infinity":14,"s:48:4:48:Infinity":15,"s:49:4:49:Infinity":16,"s:50:4:50:Infinity":17,"f:50:11:50:17":3,"s:50:17:50:Infinity":18,"s:54:25:57:Infinity":19,"f:54:25:54:26":4,"s:55:4:55:Infinity":20,"s:56:4:56:Infinity":21,"s:59:2:169:Infinity":22,"b:80:9:80:19:80:19:80:Infinity":4,"b:93:27:93:33:93:33:93:Infinity":5,"b:106:11:106:Infinity:107:12:109:Infinity":6,"b:108:27:108:32:108:32:108:Infinity":7,"b:115:36:115:41:115:41:115:Infinity":8,"b:122:11:122:Infinity:123:12:132:Infinity":9,"b:160:13:160:Infinity:161:14:164:Infinity":10}}},"/home/jji/project/mes-poc/mes-portal/components/providers/ThemeProvider.tsx":{"path":"/home/jji/project/mes-poc/mes-portal/components/providers/ThemeProvider.tsx","statementMap":{"0":{"start":{"line":12,"column":2},"end":{"line":15,"column":null}}},"fnMap":{"0":{"name":"ThemeProvider","decl":{"start":{"line":11,"column":16},"end":{"line":11,"column":30}},"loc":{"start":{"line":11,"column":64},"end":{"line":17,"column":null}},"line":11}},"branchMap":{},"s":{"0":0},"f":{"0":0},"b":{},"meta":{"lastBranch":0,"lastFunction":1,"lastStatement":1,"seen":{"f:11:16:11:30":0,"s:12:2:15:Infinity":0}}},"/home/jji/project/mes-poc/mes-portal/lib/theme/tokens.ts":{"path":"/home/jji/project/mes-poc/mes-portal/lib/theme/tokens.ts","statementMap":{"0":{"start":{"line":2,"column":27},"end":{"line":28,"column":null}},"1":{"start":{"line":30,"column":31},"end":{"line":34,"column":null}}},"fnMap":{},"branchMap":{},"s":{"0":0,"1":0},"f":{},"b":{},"meta":{"lastBranch":0,"lastFunction":0,"lastStatement":2,"seen":{"s:2:27:28:Infinity":0,"s:30:31:34:Infinity":1}}},"/home/jji/project/mes-poc/mes-portal/lib/theme/index.ts":{"path":"/home/jji/project/mes-poc/mes-portal/lib/theme/index.ts","statementMap":{"0":{"start":{"line":8,"column":2},"end":{"line":11,"column":null}},"1":{"start":{"line":15,"column":2},"end":{"line":18,"column":null}}},"fnMap":{"0":{"name":"useThemeConfig","decl":{"start":{"line":6,"column":16},"end":{"line":6,"column":46}},"loc":{"start":{"line":6,"column":46},"end":{"line":12,"column":null}},"line":6},"1":{"name":"getDarkThemeConfig","decl":{"start":{"line":14,"column":16},"end":{"line":14,"column":50}},"loc":{"start":{"line":14,"column":50},"end":{"line":19,"column":null}},"line":14}},"branchMap":{},"s":{"0":0,"1":0},"f":{"0":0,"1":0},"b":{},"meta":{"lastBranch":0,"lastFunction":2,"lastStatement":2,"seen":{"f:6:16:6:46":0,"s:8:2:11:Infinity":0,"f:14:16:14:50":1,"s:15:2:18:Infinity":1}}},"/home/jji/project/mes-poc/mes-portal/lib/hooks/useLayoutState.ts":{"path":"/home/jji/project/mes-poc/mes-portal/lib/hooks/useLayoutState.ts","statementMap":{"0":{"start":{"line":5,"column":20},"end":{"line":5,"column":null}},"1":{"start":{"line":15,"column":2},"end":{"line":15,"column":null}},"2":{"start":{"line":15,"column":19},"end":{"line":15,"column":null}},"3":{"start":{"line":16,"column":2},"end":{"line":16,"column":null}},"4":{"start":{"line":16,"column":20},"end":{"line":16,"column":null}},"5":{"start":{"line":17,"column":2},"end":{"line":17,"column":null}},"6":{"start":{"line":21,"column":2},"end":{"line":21,"column":null}},"7":{"start":{"line":21,"column":37},"end":{"line":21,"column":null}},"8":{"start":{"line":22,"column":17},"end":{"line":22,"column":null}},"9":{"start":{"line":23,"column":2},"end":{"line":23,"column":null}},"10":{"start":{"line":27,"column":37},"end":{"line":27,"column":null}},"11":{"start":{"line":28,"column":34},"end":{"line":28,"column":null}},"12":{"start":{"line":29,"column":28},"end":{"line":29,"column":null}},"13":{"start":{"line":31,"column":2},"end":{"line":42,"column":null}},"14":{"start":{"line":32,"column":4},"end":{"line":32,"column":null}},"15":{"start":{"line":33,"column":30},"end":{"line":33,"column":null}},"16":{"start":{"line":34,"column":4},"end":{"line":34,"column":null}},"17":{"start":{"line":37,"column":4},"end":{"line":41,"column":null}},"18":{"start":{"line":38,"column":6},"end":{"line":38,"column":null}},"19":{"start":{"line":40,"column":6},"end":{"line":40,"column":null}},"20":{"start":{"line":44,"column":2},"end":{"line":59,"column":null}},"21":{"start":{"line":45,"column":4},"end":{"line":45,"column":null}},"22":{"start":{"line":45,"column":18},"end":{"line":45,"column":null}},"23":{"start":{"line":47,"column":25},"end":{"line":55,"column":null}},"24":{"start":{"line":48,"column":28},"end":{"line":48,"column":null}},"25":{"start":{"line":49,"column":6},"end":{"line":49,"column":null}},"26":{"start":{"line":52,"column":6},"end":{"line":54,"column":null}},"27":{"start":{"line":53,"column":8},"end":{"line":53,"column":null}},"28":{"start":{"line":57,"column":4},"end":{"line":57,"column":null}},"29":{"start":{"line":58,"column":4},"end":{"line":58,"column":null}},"30":{"start":{"line":58,"column":17},"end":{"line":58,"column":null}},"31":{"start":{"line":61,"column":8},"end":{"line":66,"column":null}},"32":{"start":{"line":62,"column":4},"end":{"line":62,"column":null}},"33":{"start":{"line":63,"column":4},"end":{"line":65,"column":null}},"34":{"start":{"line":64,"column":6},"end":{"line":64,"column":null}},"35":{"start":{"line":68,"column":8},"end":{"line":70,"column":null}},"36":{"start":{"line":69,"column":4},"end":{"line":69,"column":null}},"37":{"start":{"line":72,"column":2},"end":{"line":80,"column":null}}},"fnMap":{"0":{"name":"getBreakpoint","decl":{"start":{"line":14,"column":9},"end":{"line":14,"column":23}},"loc":{"start":{"line":14,"column":50},"end":{"line":18,"column":null}},"line":14},"1":{"name":"getStoredCollapsed","decl":{"start":{"line":20,"column":9},"end":{"line":20,"column":39}},"loc":{"start":{"line":20,"column":39},"end":{"line":24,"column":null}},"line":20},"2":{"name":"useLayoutState","decl":{"start":{"line":26,"column":16},"end":{"line":26,"column":33}},"loc":{"start":{"line":26,"column":33},"end":{"line":81,"column":null}},"line":26},"3":{"name":"(anonymous_3)","decl":{"start":{"line":31,"column":12},"end":{"line":31,"column":18}},"loc":{"start":{"line":31,"column":18},"end":{"line":42,"column":5}},"line":31},"4":{"name":"(anonymous_4)","decl":{"start":{"line":44,"column":12},"end":{"line":44,"column":18}},"loc":{"start":{"line":44,"column":18},"end":{"line":59,"column":5}},"line":44},"5":{"name":"(anonymous_5)","decl":{"start":{"line":47,"column":25},"end":{"line":47,"column":31}},"loc":{"start":{"line":47,"column":31},"end":{"line":55,"column":null}},"line":47},"6":{"name":"(anonymous_6)","decl":{"start":{"line":58,"column":11},"end":{"line":58,"column":17}},"loc":{"start":{"line":58,"column":17},"end":{"line":58,"column":null}},"line":58},"7":{"name":"(anonymous_7)","decl":{"start":{"line":61,"column":35},"end":{"line":61,"column":36}},"loc":{"start":{"line":61,"column":55},"end":{"line":66,"column":5}},"line":61},"8":{"name":"(anonymous_8)","decl":{"start":{"line":68,"column":38},"end":{"line":68,"column":44}},"loc":{"start":{"line":68,"column":44},"end":{"line":70,"column":5}},"line":68}},"branchMap":{"0":{"loc":{"start":{"line":15,"column":2},"end":{"line":15,"column":null}},"type":"if","locations":[{"start":{"line":15,"column":2},"end":{"line":15,"column":null}},{"start":{},"end":{}}],"line":15},"1":{"loc":{"start":{"line":16,"column":2},"end":{"line":16,"column":null}},"type":"if","locations":[{"start":{"line":16,"column":2},"end":{"line":16,"column":null}},{"start":{},"end":{}}],"line":16},"2":{"loc":{"start":{"line":21,"column":2},"end":{"line":21,"column":null}},"type":"if","locations":[{"start":{"line":21,"column":2},"end":{"line":21,"column":null}},{"start":{},"end":{}}],"line":21},"3":{"loc":{"start":{"line":37,"column":4},"end":{"line":41,"column":null}},"type":"if","locations":[{"start":{"line":37,"column":4},"end":{"line":41,"column":null}},{"start":{"line":39,"column":11},"end":{"line":41,"column":null}}],"line":37},"4":{"loc":{"start":{"line":45,"column":4},"end":{"line":45,"column":null}},"type":"if","locations":[{"start":{"line":45,"column":4},"end":{"line":45,"column":null}},{"start":{},"end":{}}],"line":45},"5":{"loc":{"start":{"line":52,"column":6},"end":{"line":54,"column":null}},"type":"if","locations":[{"start":{"line":52,"column":6},"end":{"line":54,"column":null}},{"start":{},"end":{}}],"line":52},"6":{"loc":{"start":{"line":63,"column":4},"end":{"line":65,"column":null}},"type":"if","locations":[{"start":{"line":63,"column":4},"end":{"line":65,"column":null}},{"start":{},"end":{}}],"line":63}},"s":{"0":0,"1":0,"2":0,"3":0,"4":0,"5":0,"6":0,"7":0,"8":0,"9":0,"10":0,"11":0,"12":0,"13":0,"14":0,"15":0,"16":0,"17":0,"18":0,"19":0,"20":0,"21":0,"22":0,"23":0,"24":0,"25":0,"26":0,"27":0,"28":0,"29":0,"30":0,"31":0,"32":0,"33":0,"34":0,"35":0,"36":0,"37":0},"f":{"0":0,"1":0,"2":0,"3":0,"4":0,"5":0,"6":0,"7":0,"8":0},"b":{"0":[0,0],"1":[0,0],"2":[0,0],"3":[0,0],"4":[0,0],"5":[0,0],"6":[0,0]},"meta":{"lastBranch":7,"lastFunction":9,"lastStatement":38,"seen":{"s:5:20:5:Infinity":0,"f:14:9:14:23":0,"b:15:2:15:Infinity:undefined:undefined:undefined:undefined":0,"s:15:2:15:Infinity":1,"s:15:19:15:Infinity":2,"b:16:2:16:Infinity:undefined:undefined:undefined:undefined":1,"s:16:2:16:Infinity":3,"s:16:20:16:Infinity":4,"s:17:2:17:Infinity":5,"f:20:9:20:39":1,"b:21:2:21:Infinity:undefined:undefined:undefined:undefined":2,"s:21:2:21:Infinity":6,"s:21:37:21:Infinity":7,"s:22:17:22:Infinity":8,"s:23:2:23:Infinity":9,"f:26:16:26:33":2,"s:27:37:27:Infinity":10,"s:28:34:28:Infinity":11,"s:29:28:29:Infinity":12,"s:31:2:42:Infinity":13,"f:31:12:31:18":3,"s:32:4:32:Infinity":14,"s:33:30:33:Infinity":15,"s:34:4:34:Infinity":16,"b:37:4:41:Infinity:39:11:41:Infinity":3,"s:37:4:41:Infinity":17,"s:38:6:38:Infinity":18,"s:40:6:40:Infinity":19,"s:44:2:59:Infinity":20,"f:44:12:44:18":4,"b:45:4:45:Infinity:undefined:undefined:undefined:undefined":4,"s:45:4:45:Infinity":21,"s:45:18:45:Infinity":22,"s:47:25:55:Infinity":23,"f:47:25:47:31":5,"s:48:28:48:Infinity":24,"s:49:6:49:Infinity":25,"b:52:6:54:Infinity:undefined:undefined:undefined:undefined":5,"s:52:6:54:Infinity":26,"s:53:8:53:Infinity":27,"s:57:4:57:Infinity":28,"s:58:4:58:Infinity":29,"f:58:11:58:17":6,"s:58:17:58:Infinity":30,"s:61:8:66:Infinity":31,"f:61:35:61:36":7,"s:62:4:62:Infinity":32,"b:63:4:65:Infinity:undefined:undefined:undefined:undefined":6,"s:63:4:65:Infinity":33,"s:64:6:64:Infinity":34,"s:68:8:70:Infinity":35,"f:68:38:68:44":8,"s:69:4:69:Infinity":36,"s:72:2:80:Infinity":37}}}}}