{"numTotalTestSuites":9,"numPassedTestSuites":9,"numFailedTestSuites":0,"numPendingTestSuites":0,"numTotalTests":18,"numPassedTests":18,"numFailedTests":0,"numPendingTests":0,"numTodoTests":0,"snapshot":{"added":0,"failure":false,"filesAdded":0,"filesRemoved":0,"filesRemovedList":[],"filesUnmatched":0,"filesUpdated":0,"matched":0,"total":0,"unchecked":0,"uncheckedKeysByFile":[],"unmatched":0,"updated":0,"didUpdate":false},"startTime":1768972424456,"success":true,"testResults":[{"assertionResults":[{"ancestorTitles":["MDIContext"],"fullName":"MDIContext 초기 상태는 빈 탭 목록과 null activeTabId","status":"passed","title":"초기 상태는 빈 탭 목록과 null activeTabId","duration":40.50947199999996,"failureMessages":[],"meta":{}},{"ancestorTitles":["MDIContext","getTabs"],"fullName":"MDIContext getTabs 현재 탭 목록 반환","status":"passed","title":"현재 탭 목록 반환","duration":10.551324000000022,"failureMessages":[],"meta":{}},{"ancestorTitles":["MDIContext","openTab"],"fullName":"MDIContext openTab 새 탭이 목록에 추가되고 활성화됨","status":"passed","title":"새 탭이 목록에 추가되고 활성화됨","duration":8.815674000000172,"failureMessages":[],"meta":{}},{"ancestorTitles":["MDIContext","openTab"],"fullName":"MDIContext openTab 이미 열린 탭은 새로 추가하지 않고 활성화만","status":"passed","title":"이미 열린 탭은 새로 추가하지 않고 활성화만","duration":7.92130300000008,"failureMessages":[],"meta":{}},{"ancestorTitles":["MDIContext","openTab"],"fullName":"MDIContext openTab 최대 탭 개수 초과 시 추가 안됨","status":"passed","title":"최대 탭 개수 초과 시 추가 안됨","duration":14.770694000000049,"failureMessages":[],"meta":{}},{"ancestorTitles":["MDIContext","openTab"],"fullName":"MDIContext openTab 잘못된 경로 형식은 탭 열기 거부","status":"passed","title":"잘못된 경로 형식은 탭 열기 거부","duration":6.839202999999998,"failureMessages":[],"meta":{}},{"ancestorTitles":["MDIContext","closeTab"],"fullName":"MDIContext closeTab 비활성 탭을 닫으면 목록에서 제거","status":"passed","title":"비활성 탭을 닫으면 목록에서 제거","duration":7.655749000000014,"failureMessages":[],"meta":{}},{"ancestorTitles":["MDIContext","closeTab"],"fullName":"MDIContext closeTab 활성 탭 닫기 시 오른쪽 탭 활성화","status":"passed","title":"활성 탭 닫기 시 오른쪽 탭 활성화","duration":6.668656999999939,"failureMessages":[],"meta":{}},{"ancestorTitles":["MDIContext","closeTab"],"fullName":"MDIContext closeTab 활성 탭 닫기 시 왼쪽 탭 활성화 (오른쪽 없을 때)","status":"passed","title":"활성 탭 닫기 시 왼쪽 탭 활성화 (오른쪽 없을 때)","duration":4.125912999999855,"failureMessages":[],"meta":{}},{"ancestorTitles":["MDIContext","closeTab"],"fullName":"MDIContext closeTab closable=false 탭은 닫히지 않음","status":"passed","title":"closable=false 탭은 닫히지 않음","duration":6.737263999999868,"failureMessages":[],"meta":{}},{"ancestorTitles":["MDIContext","closeTab"],"fullName":"MDIContext closeTab 마지막 탭 닫기 시 activeTabId가 null이 됨","status":"passed","title":"마지막 탭 닫기 시 activeTabId가 null이 됨","duration":7.657944000000043,"failureMessages":[],"meta":{}},{"ancestorTitles":["MDIContext","closeAllTabs"],"fullName":"MDIContext closeAllTabs closable=true인 모든 탭이 닫힘","status":"passed","title":"closable=true인 모든 탭이 닫힘","duration":8.386812999999847,"failureMessages":[],"meta":{}},{"ancestorTitles":["MDIContext","closeAllTabs"],"fullName":"MDIContext closeAllTabs 모든 탭이 closable=true면 전부 닫힘","status":"passed","title":"모든 탭이 closable=true면 전부 닫힘","duration":5.245650000000069,"failureMessages":[],"meta":{}},{"ancestorTitles":["MDIContext","closeOtherTabs"],"fullName":"MDIContext closeOtherTabs 지정 탭 제외 다른 탭이 닫힘","status":"passed","title":"지정 탭 제외 다른 탭이 닫힘","duration":4.486670000000004,"failureMessages":[],"meta":{}},{"ancestorTitles":["MDIContext","setActiveTab"],"fullName":"MDIContext setActiveTab 탭 전환 시 activeTabId 변경","status":"passed","title":"탭 전환 시 activeTabId 변경","duration":8.06590499999993,"failureMessages":[],"meta":{}},{"ancestorTitles":["MDIContext","setActiveTab"],"fullName":"MDIContext setActiveTab 존재하지 않는 탭 ID는 무시","status":"passed","title":"존재하지 않는 탭 ID는 무시","duration":3.0755800000001727,"failureMessages":[],"meta":{}},{"ancestorTitles":["MDIContext","getTab"],"fullName":"MDIContext getTab 탭 ID로 탭 정보 조회","status":"passed","title":"탭 ID로 탭 정보 조회","duration":2.4633159999998497,"failureMessages":[],"meta":{}},{"ancestorTitles":["MDIContext","getTab"],"fullName":"MDIContext getTab 존재하지 않는 탭 ID는 undefined 반환","status":"passed","title":"존재하지 않는 탭 ID는 undefined 반환","duration":2.3024900000000343,"failureMessages":[],"meta":{}}],"startTime":1768972425973,"endTime":1768972426132.3025,"status":"passed","message":"","name":"/home/jji/project/mes-poc/mes-portal/lib/mdi/__tests__/context.spec.tsx"}],"coverageMap":{"/home/jji/project/mes-poc/mes-portal/lib/mdi/context.tsx":{"path":"/home/jji/project/mes-poc/mes-portal/lib/mdi/context.tsx","statementMap":{"0":{"start":{"line":20,"column":25},"end":{"line":20,"column":null}},"1":{"start":{"line":31,"column":31},"end":{"line":34,"column":null}},"2":{"start":{"line":40,"column":2},"end":{"line":123,"column":null}},"3":{"start":{"line":42,"column":26},"end":{"line":42,"column":null}},"4":{"start":{"line":42,"column":51},"end":{"line":42,"column":79}},"5":{"start":{"line":43,"column":6},"end":{"line":49,"column":null}},"6":{"start":{"line":45,"column":8},"end":{"line":48,"column":null}},"7":{"start":{"line":51,"column":6},"end":{"line":54,"column":null}},"8":{"start":{"line":58,"column":25},"end":{"line":58,"column":null}},"9":{"start":{"line":58,"column":50},"end":{"line":58,"column":75}},"10":{"start":{"line":59,"column":6},"end":{"line":61,"column":null}},"11":{"start":{"line":60,"column":8},"end":{"line":60,"column":null}},"12":{"start":{"line":63,"column":23},"end":{"line":63,"column":null}},"13":{"start":{"line":63,"column":53},"end":{"line":63,"column":78}},"14":{"start":{"line":64,"column":22},"end":{"line":64,"column":null}},"15":{"start":{"line":64,"column":49},"end":{"line":64,"column":74}},"16":{"start":{"line":67,"column":42},"end":{"line":67,"column":null}},"17":{"start":{"line":68,"column":6},"end":{"line":79,"column":null}},"18":{"start":{"line":70,"column":8},"end":{"line":78,"column":null}},"19":{"start":{"line":71,"column":10},"end":{"line":71,"column":null}},"20":{"start":{"line":72,"column":8},"end":{"line":78,"column":null}},"21":{"start":{"line":74,"column":10},"end":{"line":74,"column":null}},"22":{"start":{"line":77,"column":10},"end":{"line":77,"column":null}},"23":{"start":{"line":81,"column":6},"end":{"line":84,"column":null}},"24":{"start":{"line":88,"column":28},"end":{"line":88,"column":null}},"25":{"start":{"line":88,"column":55},"end":{"line":88,"column":68}},"26":{"start":{"line":89,"column":6},"end":{"line":92,"column":null}},"27":{"start":{"line":96,"column":24},"end":{"line":96,"column":null}},"28":{"start":{"line":96,"column":49},"end":{"line":96,"column":74}},"29":{"start":{"line":97,"column":6},"end":{"line":97,"column":null}},"30":{"start":{"line":97,"column":22},"end":{"line":97,"column":null}},"31":{"start":{"line":100,"column":28},"end":{"line":102,"column":null}},"32":{"start":{"line":101,"column":17},"end":{"line":101,"column":null}},"33":{"start":{"line":104,"column":6},"end":{"line":107,"column":null}},"34":{"start":{"line":111,"column":24},"end":{"line":111,"column":null}},"35":{"start":{"line":111,"column":49},"end":{"line":111,"column":74}},"36":{"start":{"line":112,"column":6},"end":{"line":114,"column":null}},"37":{"start":{"line":113,"column":8},"end":{"line":113,"column":null}},"38":{"start":{"line":115,"column":6},"end":{"line":118,"column":null}},"39":{"start":{"line":122,"column":6},"end":{"line":122,"column":null}},"40":{"start":{"line":127,"column":6},"end":{"line":127,"column":null}},"41":{"start":{"line":140,"column":24},"end":{"line":140,"column":null}},"42":{"start":{"line":144,"column":24},"end":{"line":144,"column":null}},"43":{"start":{"line":146,"column":8},"end":{"line":178,"column":null}},"44":{"start":{"line":149,"column":6},"end":{"line":152,"column":null}},"45":{"start":{"line":150,"column":8},"end":{"line":150,"column":null}},"46":{"start":{"line":151,"column":8},"end":{"line":151,"column":null}},"47":{"start":{"line":155,"column":6},"end":{"line":159,"column":null}},"48":{"start":{"line":156,"column":8},"end":{"line":156,"column":null}},"49":{"start":{"line":157,"column":8},"end":{"line":157,"column":null}},"50":{"start":{"line":158,"column":8},"end":{"line":158,"column":null}},"51":{"start":{"line":162,"column":26},"end":{"line":162,"column":null}},"52":{"start":{"line":162,"column":49},"end":{"line":162,"column":64}},"53":{"start":{"line":163,"column":6},"end":{"line":166,"column":null}},"54":{"start":{"line":164,"column":8},"end":{"line":164,"column":null}},"55":{"start":{"line":165,"column":8},"end":{"line":165,"column":null}},"56":{"start":{"line":169,"column":6},"end":{"line":173,"column":null}},"57":{"start":{"line":170,"column":8},"end":{"line":170,"column":null}},"58":{"start":{"line":171,"column":8},"end":{"line":171,"column":null}},"59":{"start":{"line":172,"column":8},"end":{"line":172,"column":null}},"60":{"start":{"line":175,"column":6},"end":{"line":175,"column":null}},"61":{"start":{"line":180,"column":8},"end":{"line":182,"column":null}},"62":{"start":{"line":181,"column":4},"end":{"line":181,"column":null}},"63":{"start":{"line":184,"column":8},"end":{"line":186,"column":null}},"64":{"start":{"line":185,"column":4},"end":{"line":185,"column":null}},"65":{"start":{"line":188,"column":8},"end":{"line":190,"column":null}},"66":{"start":{"line":189,"column":4},"end":{"line":189,"column":null}},"67":{"start":{"line":192,"column":8},"end":{"line":202,"column":null}},"68":{"start":{"line":194,"column":24},"end":{"line":194,"column":null}},"69":{"start":{"line":194,"column":49},"end":{"line":194,"column":65}},"70":{"start":{"line":195,"column":6},"end":{"line":198,"column":null}},"71":{"start":{"line":196,"column":8},"end":{"line":196,"column":null}},"72":{"start":{"line":197,"column":8},"end":{"line":197,"column":null}},"73":{"start":{"line":199,"column":6},"end":{"line":199,"column":null}},"74":{"start":{"line":204,"column":8},"end":{"line":209,"column":null}},"75":{"start":{"line":206,"column":6},"end":{"line":206,"column":null}},"76":{"start":{"line":206,"column":38},"end":{"line":206,"column":54}},"77":{"start":{"line":211,"column":8},"end":{"line":213,"column":null}},"78":{"start":{"line":212,"column":4},"end":{"line":212,"column":null}},"79":{"start":{"line":215,"column":8},"end":{"line":238,"column":null}},"80":{"start":{"line":216,"column":11},"end":{"line":226,"column":null}},"81":{"start":{"line":240,"column":2},"end":{"line":240,"column":null}},"82":{"start":{"line":249,"column":8},"end":{"line":249,"column":null}},"83":{"start":{"line":250,"column":2},"end":{"line":252,"column":null}},"84":{"start":{"line":251,"column":4},"end":{"line":251,"column":null}},"85":{"start":{"line":253,"column":2},"end":{"line":253,"column":null}}},"fnMap":{"0":{"name":"mdiReducer","decl":{"start":{"line":39,"column":9},"end":{"line":39,"column":20}},"loc":{"start":{"line":39,"column":66},"end":{"line":124,"column":null}},"line":39},"1":{"name":"(anonymous_1)","decl":{"start":{"line":42,"column":42},"end":{"line":42,"column":43}},"loc":{"start":{"line":42,"column":51},"end":{"line":42,"column":79}},"line":42},"2":{"name":"(anonymous_2)","decl":{"start":{"line":58,"column":41},"end":{"line":58,"column":42}},"loc":{"start":{"line":58,"column":50},"end":{"line":58,"column":75}},"line":58},"3":{"name":"(anonymous_3)","decl":{"start":{"line":63,"column":44},"end":{"line":63,"column":45}},"loc":{"start":{"line":63,"column":53},"end":{"line":63,"column":78}},"line":63},"4":{"name":"(anonymous_4)","decl":{"start":{"line":64,"column":40},"end":{"line":64,"column":41}},"loc":{"start":{"line":64,"column":49},"end":{"line":64,"column":74}},"line":64},"5":{"name":"(anonymous_5)","decl":{"start":{"line":88,"column":46},"end":{"line":88,"column":47}},"loc":{"start":{"line":88,"column":55},"end":{"line":88,"column":68}},"line":88},"6":{"name":"(anonymous_6)","decl":{"start":{"line":96,"column":40},"end":{"line":96,"column":41}},"loc":{"start":{"line":96,"column":49},"end":{"line":96,"column":74}},"line":96},"7":{"name":"(anonymous_7)","decl":{"start":{"line":101,"column":8},"end":{"line":101,"column":9}},"loc":{"start":{"line":101,"column":17},"end":{"line":101,"column":null}},"line":101},"8":{"name":"(anonymous_8)","decl":{"start":{"line":111,"column":40},"end":{"line":111,"column":41}},"loc":{"start":{"line":111,"column":49},"end":{"line":111,"column":74}},"line":111},"9":{"name":"MDIProvider","decl":{"start":{"line":137,"column":16},"end":{"line":137,"column":28}},"loc":{"start":{"line":143,"column":21},"end":{"line":241,"column":null}},"line":143},"10":{"name":"(anonymous_10)","decl":{"start":{"line":140,"column":18},"end":{"line":140,"column":24}},"loc":{"start":{"line":140,"column":24},"end":{"line":140,"column":null}},"line":140},"11":{"name":"(anonymous_11)","decl":{"start":{"line":147,"column":4},"end":{"line":147,"column":5}},"loc":{"start":{"line":147,"column":18},"end":{"line":176,"column":null}},"line":147},"12":{"name":"(anonymous_12)","decl":{"start":{"line":162,"column":42},"end":{"line":162,"column":43}},"loc":{"start":{"line":162,"column":49},"end":{"line":162,"column":64}},"line":162},"13":{"name":"(anonymous_13)","decl":{"start":{"line":180,"column":31},"end":{"line":180,"column":32}},"loc":{"start":{"line":180,"column":50},"end":{"line":182,"column":5}},"line":180},"14":{"name":"(anonymous_14)","decl":{"start":{"line":184,"column":35},"end":{"line":184,"column":41}},"loc":{"start":{"line":184,"column":41},"end":{"line":186,"column":5}},"line":184},"15":{"name":"(anonymous_15)","decl":{"start":{"line":188,"column":37},"end":{"line":188,"column":38}},"loc":{"start":{"line":188,"column":56},"end":{"line":190,"column":5}},"line":188},"16":{"name":"(anonymous_16)","decl":{"start":{"line":193,"column":4},"end":{"line":193,"column":5}},"loc":{"start":{"line":193,"column":23},"end":{"line":200,"column":null}},"line":193},"17":{"name":"(anonymous_17)","decl":{"start":{"line":194,"column":40},"end":{"line":194,"column":41}},"loc":{"start":{"line":194,"column":49},"end":{"line":194,"column":65}},"line":194},"18":{"name":"(anonymous_18)","decl":{"start":{"line":205,"column":4},"end":{"line":205,"column":5}},"loc":{"start":{"line":205,"column":23},"end":{"line":207,"column":null}},"line":205},"19":{"name":"(anonymous_19)","decl":{"start":{"line":206,"column":29},"end":{"line":206,"column":30}},"loc":{"start":{"line":206,"column":38},"end":{"line":206,"column":54}},"line":206},"20":{"name":"(anonymous_20)","decl":{"start":{"line":211,"column":30},"end":{"line":211,"column":36}},"loc":{"start":{"line":211,"column":36},"end":{"line":213,"column":5}},"line":211},"21":{"name":"(anonymous_21)","decl":{"start":{"line":216,"column":4},"end":{"line":216,"column":11}},"loc":{"start":{"line":216,"column":11},"end":{"line":226,"column":null}},"line":216},"22":{"name":"useMDI","decl":{"start":{"line":248,"column":16},"end":{"line":248,"column":41}},"loc":{"start":{"line":248,"column":41},"end":{"line":254,"column":null}},"line":248}},"branchMap":{"0":{"loc":{"start":{"line":40,"column":2},"end":{"line":123,"column":null}},"type":"switch","locations":[{"start":{"line":41,"column":4},"end":{"line":55,"column":null}},{"start":{"line":57,"column":4},"end":{"line":85,"column":null}},{"start":{"line":87,"column":4},"end":{"line":93,"column":null}},{"start":{"line":95,"column":4},"end":{"line":108,"column":null}},{"start":{"line":110,"column":4},"end":{"line":119,"column":null}},{"start":{"line":121,"column":4},"end":{"line":122,"column":null}}],"line":40},"1":{"loc":{"start":{"line":43,"column":6},"end":{"line":49,"column":null}},"type":"if","locations":[{"start":{"line":43,"column":6},"end":{"line":49,"column":null}},{"start":{},"end":{}}],"line":43},"2":{"loc":{"start":{"line":59,"column":6},"end":{"line":61,"column":null}},"type":"if","locations":[{"start":{"line":59,"column":6},"end":{"line":61,"column":null}},{"start":{},"end":{}}],"line":59},"3":{"loc":{"start":{"line":59,"column":10},"end":{"line":59,"column":47}},"type":"binary-expr","locations":[{"start":{"line":59,"column":10},"end":{"line":59,"column":25}},{"start":{"line":59,"column":25},"end":{"line":59,"column":47}}],"line":59},"4":{"loc":{"start":{"line":68,"column":6},"end":{"line":79,"column":null}},"type":"if","locations":[{"start":{"line":68,"column":6},"end":{"line":79,"column":null}},{"start":{},"end":{}}],"line":68},"5":{"loc":{"start":{"line":70,"column":8},"end":{"line":78,"column":null}},"type":"if","locations":[{"start":{"line":70,"column":8},"end":{"line":78,"column":null}},{"start":{"line":72,"column":8},"end":{"line":78,"column":null}}],"line":70},"6":{"loc":{"start":{"line":72,"column":8},"end":{"line":78,"column":null}},"type":"if","locations":[{"start":{"line":72,"column":8},"end":{"line":78,"column":null}},{"start":{"line":75,"column":15},"end":{"line":78,"column":null}}],"line":72},"7":{"loc":{"start":{"line":91,"column":21},"end":{"line":91,"column":null}},"type":"cond-expr","locations":[{"start":{"line":91,"column":48},"end":{"line":91,"column":70}},{"start":{"line":91,"column":70},"end":{"line":91,"column":null}}],"line":91},"8":{"loc":{"start":{"line":97,"column":6},"end":{"line":97,"column":null}},"type":"if","locations":[{"start":{"line":97,"column":6},"end":{"line":97,"column":null}},{"start":{},"end":{}}],"line":97},"9":{"loc":{"start":{"line":101,"column":17},"end":{"line":101,"column":null}},"type":"binary-expr","locations":[{"start":{"line":101,"column":17},"end":{"line":101,"column":34}},{"start":{"line":101,"column":34},"end":{"line":101,"column":null}}],"line":101},"10":{"loc":{"start":{"line":112,"column":6},"end":{"line":114,"column":null}},"type":"if","locations":[{"start":{"line":112,"column":6},"end":{"line":114,"column":null}},{"start":{},"end":{}}],"line":112},"11":{"loc":{"start":{"line":139,"column":2},"end":{"line":139,"column":null}},"type":"default-arg","locations":[{"start":{"line":139,"column":12},"end":{"line":139,"column":null}}],"line":139},"12":{"loc":{"start":{"line":140,"column":2},"end":{"line":140,"column":null}},"type":"default-arg","locations":[{"start":{"line":140,"column":18},"end":{"line":140,"column":null}}],"line":140},"13":{"loc":{"start":{"line":149,"column":6},"end":{"line":152,"column":null}},"type":"if","locations":[{"start":{"line":149,"column":6},"end":{"line":152,"column":null}},{"start":{},"end":{}}],"line":149},"14":{"loc":{"start":{"line":155,"column":6},"end":{"line":159,"column":null}},"type":"if","locations":[{"start":{"line":155,"column":6},"end":{"line":159,"column":null}},{"start":{},"end":{}}],"line":155},"15":{"loc":{"start":{"line":163,"column":6},"end":{"line":166,"column":null}},"type":"if","locations":[{"start":{"line":163,"column":6},"end":{"line":166,"column":null}},{"start":{},"end":{}}],"line":163},"16":{"loc":{"start":{"line":169,"column":6},"end":{"line":173,"column":null}},"type":"if","locations":[{"start":{"line":169,"column":6},"end":{"line":173,"column":null}},{"start":{},"end":{}}],"line":169},"17":{"loc":{"start":{"line":195,"column":6},"end":{"line":198,"column":null}},"type":"if","locations":[{"start":{"line":195,"column":6},"end":{"line":198,"column":null}},{"start":{},"end":{}}],"line":195},"18":{"loc":{"start":{"line":250,"column":2},"end":{"line":252,"column":null}},"type":"if","locations":[{"start":{"line":250,"column":2},"end":{"line":252,"column":null}},{"start":{},"end":{}}],"line":250}},"s":{"0":1,"1":1,"2":42,"3":32,"4":21,"5":32,"6":1,"7":31,"8":5,"9":7,"10":5,"11":1,"12":4,"13":6,"14":4,"15":8,"16":4,"17":4,"18":3,"19":1,"20":2,"21":1,"22":1,"23":4,"24":2,"25":5,"26":2,"27":1,"28":3,"29":1,"30":0,"31":1,"32":3,"33":1,"34":2,"35":3,"36":2,"37":0,"38":2,"39":0,"40":1,"41":33,"42":47,"43":47,"44":34,"45":1,"46":1,"47":33,"48":0,"49":0,"50":0,"51":33,"52":9,"53":33,"54":0,"55":0,"56":33,"57":1,"58":1,"59":1,"60":32,"61":47,"62":5,"63":47,"64":2,"65":47,"66":1,"67":47,"68":3,"69":4,"70":3,"71":1,"72":1,"73":2,"74":47,"75":2,"76":1,"77":47,"78":1,"79":47,"80":47,"81":47,"82":46,"83":46,"84":0,"85":46},"f":{"0":42,"1":21,"2":7,"3":6,"4":8,"5":5,"6":3,"7":3,"8":3,"9":47,"10":33,"11":34,"12":9,"13":5,"14":2,"15":1,"16":3,"17":4,"18":2,"19":1,"20":1,"21":47,"22":46},"b":{"0":[32,5,2,1,2,0],"1":[1,31],"2":[1,4],"3":[5,5],"4":[3,1],"5":[1,2],"6":[1,1],"7":[1,1],"8":[0,1],"9":[3,2],"10":[0,2],"11":[47],"12":[33],"13":[1,33],"14":[0,33],"15":[0,33],"16":[1,32],"17":[1,2],"18":[0,46]},"meta":{"lastBranch":19,"lastFunction":23,"lastStatement":86,"seen":{"s:20:25:20:Infinity":0,"s:31:31:34:Infinity":1,"f:39:9:39:20":0,"b:41:4:55:Infinity:57:4:85:Infinity:87:4:93:Infinity:95:4:108:Infinity:110:4:119:Infinity:121:4:122:Infinity":0,"s:40:2:123:Infinity":2,"s:42:26:42:Infinity":3,"f:42:42:42:43":1,"s:42:51:42:79":4,"b:43:6:49:Infinity:undefined:undefined:undefined:undefined":1,"s:43:6:49:Infinity":5,"s:45:8:48:Infinity":6,"s:51:6:54:Infinity":7,"s:58:25:58:Infinity":8,"f:58:41:58:42":2,"s:58:50:58:75":9,"b:59:6:61:Infinity:undefined:undefined:undefined:undefined":2,"s:59:6:61:Infinity":10,"b:59:10:59:25:59:25:59:47":3,"s:60:8:60:Infinity":11,"s:63:23:63:Infinity":12,"f:63:44:63:45":3,"s:63:53:63:78":13,"s:64:22:64:Infinity":14,"f:64:40:64:41":4,"s:64:49:64:74":15,"s:67:42:67:Infinity":16,"b:68:6:79:Infinity:undefined:undefined:undefined:undefined":4,"s:68:6:79:Infinity":17,"b:70:8:78:Infinity:72:8:78:Infinity":5,"s:70:8:78:Infinity":18,"s:71:10:71:Infinity":19,"b:72:8:78:Infinity:75:15:78:Infinity":6,"s:72:8:78:Infinity":20,"s:74:10:74:Infinity":21,"s:77:10:77:Infinity":22,"s:81:6:84:Infinity":23,"s:88:28:88:Infinity":24,"f:88:46:88:47":5,"s:88:55:88:68":25,"s:89:6:92:Infinity":26,"b:91:48:91:70:91:70:91:Infinity":7,"s:96:24:96:Infinity":27,"f:96:40:96:41":6,"s:96:49:96:74":28,"b:97:6:97:Infinity:undefined:undefined:undefined:undefined":8,"s:97:6:97:Infinity":29,"s:97:22:97:Infinity":30,"s:100:28:102:Infinity":31,"f:101:8:101:9":7,"s:101:17:101:Infinity":32,"b:101:17:101:34:101:34:101:Infinity":9,"s:104:6:107:Infinity":33,"s:111:24:111:Infinity":34,"f:111:40:111:41":8,"s:111:49:111:74":35,"b:112:6:114:Infinity:undefined:undefined:undefined:undefined":10,"s:112:6:114:Infinity":36,"s:113:8:113:Infinity":37,"s:115:6:118:Infinity":38,"s:122:6:122:Infinity":39,"s:127:6:127:Infinity":40,"f:137:16:137:28":9,"b:139:12:139:Infinity":11,"b:140:18:140:Infinity":12,"f:140:18:140:24":10,"s:140:24:140:Infinity":41,"s:144:24:144:Infinity":42,"s:146:8:178:Infinity":43,"f:147:4:147:5":11,"b:149:6:152:Infinity:undefined:undefined:undefined:undefined":13,"s:149:6:152:Infinity":44,"s:150:8:150:Infinity":45,"s:151:8:151:Infinity":46,"b:155:6:159:Infinity:undefined:undefined:undefined:undefined":14,"s:155:6:159:Infinity":47,"s:156:8:156:Infinity":48,"s:157:8:157:Infinity":49,"s:158:8:158:Infinity":50,"s:162:26:162:Infinity":51,"f:162:42:162:43":12,"s:162:49:162:64":52,"b:163:6:166:Infinity:undefined:undefined:undefined:undefined":15,"s:163:6:166:Infinity":53,"s:164:8:164:Infinity":54,"s:165:8:165:Infinity":55,"b:169:6:173:Infinity:undefined:undefined:undefined:undefined":16,"s:169:6:173:Infinity":56,"s:170:8:170:Infinity":57,"s:171:8:171:Infinity":58,"s:172:8:172:Infinity":59,"s:175:6:175:Infinity":60,"s:180:8:182:Infinity":61,"f:180:31:180:32":13,"s:181:4:181:Infinity":62,"s:184:8:186:Infinity":63,"f:184:35:184:41":14,"s:185:4:185:Infinity":64,"s:188:8:190:Infinity":65,"f:188:37:188:38":15,"s:189:4:189:Infinity":66,"s:192:8:202:Infinity":67,"f:193:4:193:5":16,"s:194:24:194:Infinity":68,"f:194:40:194:41":17,"s:194:49:194:65":69,"b:195:6:198:Infinity:undefined:undefined:undefined:undefined":17,"s:195:6:198:Infinity":70,"s:196:8:196:Infinity":71,"s:197:8:197:Infinity":72,"s:199:6:199:Infinity":73,"s:204:8:209:Infinity":74,"f:205:4:205:5":18,"s:206:6:206:Infinity":75,"f:206:29:206:30":19,"s:206:38:206:54":76,"s:211:8:213:Infinity":77,"f:211:30:211:36":20,"s:212:4:212:Infinity":78,"s:215:8:238:Infinity":79,"f:216:4:216:11":21,"s:216:11:226:Infinity":80,"s:240:2:240:Infinity":81,"f:248:16:248:41":22,"s:249:8:249:Infinity":82,"b:250:2:252:Infinity:undefined:undefined:undefined:undefined":18,"s:250:2:252:Infinity":83,"s:251:4:251:Infinity":84,"s:253:2:253:Infinity":85}}},"/home/jji/project/mes-poc/mes-portal/lib/mdi/types.ts":{"path":"/home/jji/project/mes-poc/mes-portal/lib/mdi/types.ts","statementMap":{"0":{"start":{"line":77,"column":2},"end":{"line":77,"column":null}},"1":{"start":{"line":77,"column":29},"end":{"line":77,"column":null}},"2":{"start":{"line":79,"column":2},"end":{"line":79,"column":null}},"3":{"start":{"line":79,"column":30},"end":{"line":79,"column":null}},"4":{"start":{"line":80,"column":2},"end":{"line":80,"column":null}}},"fnMap":{"0":{"name":"isValidPath","decl":{"start":{"line":75,"column":16},"end":{"line":75,"column":28}},"loc":{"start":{"line":75,"column":51},"end":{"line":81,"column":null}},"line":75}},"branchMap":{"0":{"loc":{"start":{"line":77,"column":2},"end":{"line":77,"column":null}},"type":"if","locations":[{"start":{"line":77,"column":2},"end":{"line":77,"column":null}},{"start":{},"end":{}}],"line":77},"1":{"loc":{"start":{"line":79,"column":2},"end":{"line":79,"column":null}},"type":"if","locations":[{"start":{"line":79,"column":2},"end":{"line":79,"column":null}},{"start":{},"end":{}}],"line":79}},"s":{"0":34,"1":1,"2":33,"3":0,"4":33},"f":{"0":34},"b":{"0":[1,33],"1":[0,33]},"meta":{"lastBranch":2,"lastFunction":1,"lastStatement":5,"seen":{"f:75:16:75:28":0,"b:77:2:77:Infinity:undefined:undefined:undefined:undefined":0,"s:77:2:77:Infinity":0,"s:77:29:77:Infinity":1,"b:79:2:79:Infinity:undefined:undefined:undefined:undefined":1,"s:79:2:79:Infinity":2,"s:79:30:79:Infinity":3,"s:80:2:80:Infinity":4}}},"/home/jji/project/mes-poc/mes-portal/lib/mdi/index.ts":{"path":"/home/jji/project/mes-poc/mes-portal/lib/mdi/index.ts","statementMap":{},"fnMap":{},"branchMap":{},"s":{},"f":{},"b":{},"meta":{"lastBranch":0,"lastFunction":0,"lastStatement":0,"seen":{}}},"/home/jji/project/mes-poc/mes-portal/lib/theme/tokens.ts":{"path":"/home/jji/project/mes-poc/mes-portal/lib/theme/tokens.ts","statementMap":{"0":{"start":{"line":4,"column":27},"end":{"line":29,"column":null}}},"fnMap":{},"branchMap":{},"s":{"0":0},"f":{},"b":{},"meta":{"lastBranch":0,"lastFunction":0,"lastStatement":1,"seen":{"s:4:27:29:Infinity":0}}},"/home/jji/project/mes-poc/mes-portal/lib/theme/index.ts":{"path":"/home/jji/project/mes-poc/mes-portal/lib/theme/index.ts","statementMap":{},"fnMap":{},"branchMap":{},"s":{},"f":{},"b":{},"meta":{"lastBranch":0,"lastFunction":0,"lastStatement":0,"seen":{}}},"/home/jji/project/mes-poc/mes-portal/lib/theme/algorithms.ts":{"path":"/home/jji/project/mes-poc/mes-portal/lib/theme/algorithms.ts","statementMap":{"0":{"start":{"line":6,"column":44},"end":{"line":6,"column":null}},"1":{"start":{"line":8,"column":35},"end":{"line":8,"column":null}},"2":{"start":{"line":9,"column":34},"end":{"line":9,"column":null}}},"fnMap":{},"branchMap":{},"s":{"0":0,"1":0,"2":0},"f":{},"b":{},"meta":{"lastBranch":0,"lastFunction":0,"lastStatement":3,"seen":{"s:6:44:6:Infinity":0,"s:8:35:8:Infinity":1,"s:9:34:9:Infinity":2}}},"/home/jji/project/mes-poc/mes-portal/components/layout/Footer.tsx":{"path":"/home/jji/project/mes-poc/mes-portal/components/layout/Footer.tsx","statementMap":{"0":{"start":{"line":7,"column":30},"end":{"line":7,"column":null}},"1":{"start":{"line":14,"column":20},"end":{"line":14,"column":null}},"2":{"start":{"line":17,"column":6},"end":{"line":17,"column":null}},"3":{"start":{"line":20,"column":2},"end":{"line":30,"column":null}}},"fnMap":{"0":{"name":"Footer","decl":{"start":{"line":19,"column":16},"end":{"line":19,"column":23}},"loc":{"start":{"line":19,"column":51},"end":{"line":32,"column":null}},"line":19}},"branchMap":{"0":{"loc":{"start":{"line":14,"column":20},"end":{"line":14,"column":null}},"type":"binary-expr","locations":[{"start":{"line":14,"column":20},"end":{"line":14,"column":59}},{"start":{"line":14,"column":59},"end":{"line":14,"column":null}}],"line":14},"1":{"loc":{"start":{"line":22,"column":164},"end":{"line":22,"column":179}},"type":"binary-expr","locations":[{"start":{"line":22,"column":164},"end":{"line":22,"column":177}},{"start":{"line":22,"column":177},"end":{"line":22,"column":179}}],"line":22}},"s":{"0":0,"1":0,"2":0,"3":0},"f":{"0":0},"b":{"0":[0,0],"1":[0,0]},"meta":{"lastBranch":2,"lastFunction":1,"lastStatement":4,"seen":{"s:7:30:7:Infinity":0,"s:14:20:14:Infinity":1,"b:14:20:14:59:14:59:14:Infinity":0,"s:17:6:17:Infinity":2,"f:19:16:19:23":0,"s:20:2:30:Infinity":3,"b:22:164:22:177:22:177:22:179":1}}},"/home/jji/project/mes-poc/mes-portal/components/providers/ThemeProvider.tsx":{"path":"/home/jji/project/mes-poc/mes-portal/components/providers/ThemeProvider.tsx","statementMap":{"0":{"start":{"line":21,"column":24},"end":{"line":21,"column":null}},"1":{"start":{"line":22,"column":28},"end":{"line":22,"column":null}},"2":{"start":{"line":24,"column":2},"end":{"line":26,"column":null}},"3":{"start":{"line":25,"column":4},"end":{"line":25,"column":null}},"4":{"start":{"line":29,"column":17},"end":{"line":29,"column":null}},"5":{"start":{"line":31,"column":2},"end":{"line":40,"column":null}},"6":{"start":{"line":45,"column":2},"end":{"line":53,"column":null}}},"fnMap":{"0":{"name":"AntdConfigProvider","decl":{"start":{"line":20,"column":9},"end":{"line":20,"column":28}},"loc":{"start":{"line":20,"column":62},"end":{"line":42,"column":null}},"line":20},"1":{"name":"(anonymous_1)","decl":{"start":{"line":24,"column":12},"end":{"line":24,"column":18}},"loc":{"start":{"line":24,"column":18},"end":{"line":26,"column":5}},"line":24},"2":{"name":"ThemeProvider","decl":{"start":{"line":44,"column":16},"end":{"line":44,"column":30}},"loc":{"start":{"line":44,"column":64},"end":{"line":55,"column":null}},"line":44}},"branchMap":{"0":{"loc":{"start":{"line":29,"column":17},"end":{"line":29,"column":null}},"type":"cond-expr","locations":[{"start":{"line":29,"column":27},"end":{"line":29,"column":54}},{"start":{"line":29,"column":54},"end":{"line":29,"column":null}}],"line":29},"1":{"loc":{"start":{"line":35,"column":19},"end":{"line":35,"column":null}},"type":"cond-expr","locations":[{"start":{"line":35,"column":28},"end":{"line":35,"column":49}},{"start":{"line":35,"column":49},"end":{"line":35,"column":null}}],"line":35},"2":{"loc":{"start":{"line":36,"column":20},"end":{"line":36,"column":null}},"type":"cond-expr","locations":[{"start":{"line":36,"column":29},"end":{"line":36,"column":51}},{"start":{"line":36,"column":51},"end":{"line":36,"column":null}}],"line":36}},"s":{"0":0,"1":0,"2":0,"3":0,"4":0,"5":0,"6":0},"f":{"0":0,"1":0,"2":0},"b":{"0":[0,0],"1":[0,0],"2":[0,0]},"meta":{"lastBranch":3,"lastFunction":3,"lastStatement":7,"seen":{"f:20:9:20:28":0,"s:21:24:21:Infinity":0,"s:22:28:22:Infinity":1,"s:24:2:26:Infinity":2,"f:24:12:24:18":1,"s:25:4:25:Infinity":3,"s:29:17:29:Infinity":4,"b:29:27:29:54:29:54:29:Infinity":0,"s:31:2:40:Infinity":5,"b:35:28:35:49:35:49:35:Infinity":1,"b:36:29:36:51:36:51:36:Infinity":2,"f:44:16:44:30":2,"s:45:2:53:Infinity":6}}},"/home/jji/project/mes-poc/mes-portal/components/layout/Sidebar.tsx":{"path":"/home/jji/project/mes-poc/mes-portal/components/layout/Sidebar.tsx","statementMap":{"0":{"start":{"line":31,"column":43},"end":{"line":49,"column":null}},"1":{"start":{"line":74,"column":16},"end":{"line":77,"column":null}},"2":{"start":{"line":75,"column":2},"end":{"line":75,"column":null}},"3":{"start":{"line":75,"column":17},"end":{"line":75,"column":null}},"4":{"start":{"line":76,"column":2},"end":{"line":76,"column":null}},"5":{"start":{"line":80,"column":27},"end":{"line":116,"column":null}},"6":{"start":{"line":86,"column":2},"end":{"line":86,"column":null}},"7":{"start":{"line":86,"column":24},"end":{"line":86,"column":null}},"8":{"start":{"line":88,"column":2},"end":{"line":115,"column":null}},"9":{"start":{"line":89,"column":22},"end":{"line":89,"column":35}},"10":{"start":{"line":90,"column":20},"end":{"line":90,"column":45}},"11":{"start":{"line":92,"column":26},"end":{"line":92,"column":null}},"12":{"start":{"line":93,"column":19},"end":{"line":93,"column":null}},"13":{"start":{"line":96,"column":6},"end":{"line":104,"column":null}},"14":{"start":{"line":97,"column":66},"end":{"line":102,"column":null}},"15":{"start":{"line":103,"column":8},"end":{"line":103,"column":null}},"16":{"start":{"line":107,"column":67},"end":{"line":113,"column":null}},"17":{"start":{"line":114,"column":6},"end":{"line":114,"column":null}},"18":{"start":{"line":119,"column":30},"end":{"line":128,"column":null}},"19":{"start":{"line":120,"column":2},"end":{"line":126,"column":null}},"20":{"start":{"line":121,"column":4},"end":{"line":121,"column":null}},"21":{"start":{"line":121,"column":28},"end":{"line":121,"column":null}},"22":{"start":{"line":122,"column":4},"end":{"line":125,"column":null}},"23":{"start":{"line":123,"column":20},"end":{"line":123,"column":null}},"24":{"start":{"line":124,"column":6},"end":{"line":124,"column":null}},"25":{"start":{"line":124,"column":17},"end":{"line":124,"column":null}},"26":{"start":{"line":127,"column":2},"end":{"line":127,"column":null}},"27":{"start":{"line":131,"column":28},"end":{"line":140,"column":null}},"28":{"start":{"line":132,"column":2},"end":{"line":138,"column":null}},"29":{"start":{"line":133,"column":4},"end":{"line":133,"column":null}},"30":{"start":{"line":133,"column":24},"end":{"line":133,"column":null}},"31":{"start":{"line":134,"column":4},"end":{"line":137,"column":null}},"32":{"start":{"line":135,"column":20},"end":{"line":135,"column":null}},"33":{"start":{"line":136,"column":6},"end":{"line":136,"column":null}},"34":{"start":{"line":136,"column":17},"end":{"line":136,"column":null}},"35":{"start":{"line":139,"column":2},"end":{"line":139,"column":null}},"36":{"start":{"line":143,"column":30},"end":{"line":154,"column":null}},"37":{"start":{"line":144,"column":2},"end":{"line":152,"column":null}},"38":{"start":{"line":145,"column":4},"end":{"line":145,"column":null}},"39":{"start":{"line":145,"column":30},"end":{"line":145,"column":null}},"40":{"start":{"line":146,"column":4},"end":{"line":151,"column":null}},"41":{"start":{"line":147,"column":20},"end":{"line":147,"column":null}},"42":{"start":{"line":148,"column":6},"end":{"line":150,"column":null}},"43":{"start":{"line":148,"column":58},"end":{"line":148,"column":79}},"44":{"start":{"line":149,"column":8},"end":{"line":149,"column":null}},"45":{"start":{"line":153,"column":2},"end":{"line":153,"column":null}},"46":{"start":{"line":165,"column":8},"end":{"line":168,"column":null}},"47":{"start":{"line":166,"column":10},"end":{"line":166,"column":null}},"48":{"start":{"line":171,"column":48},"end":{"line":176,"column":null}},"49":{"start":{"line":172,"column":17},"end":{"line":172,"column":null}},"50":{"start":{"line":173,"column":4},"end":{"line":175,"column":null}},"51":{"start":{"line":174,"column":6},"end":{"line":174,"column":null}},"52":{"start":{"line":179,"column":27},"end":{"line":183,"column":null}},"53":{"start":{"line":180,"column":4},"end":{"line":182,"column":null}},"54":{"start":{"line":181,"column":6},"end":{"line":181,"column":null}},"55":{"start":{"line":185,"column":2},"end":{"line":207,"column":null}}},"fnMap":{"0":{"name":"(anonymous_0)","decl":{"start":{"line":74,"column":16},"end":{"line":74,"column":17}},"loc":{"start":{"line":74,"column":50},"end":{"line":77,"column":null}},"line":74},"1":{"name":"(anonymous_1)","decl":{"start":{"line":80,"column":27},"end":{"line":80,"column":null}},"loc":{"start":{"line":85,"column":25},"end":{"line":116,"column":null}},"line":85},"2":{"name":"(anonymous_2)","decl":{"start":{"line":89,"column":12},"end":{"line":89,"column":13}},"loc":{"start":{"line":89,"column":22},"end":{"line":89,"column":35}},"line":89},"3":{"name":"(anonymous_3)","decl":{"start":{"line":90,"column":10},"end":{"line":90,"column":11}},"loc":{"start":{"line":90,"column":20},"end":{"line":90,"column":45}},"line":90},"4":{"name":"(anonymous_4)","decl":{"start":{"line":91,"column":9},"end":{"line":91,"column":10}},"loc":{"start":{"line":91,"column":19},"end":{"line":115,"column":5}},"line":91},"5":{"name":"(anonymous_5)","decl":{"start":{"line":119,"column":30},"end":{"line":119,"column":31}},"loc":{"start":{"line":119,"column":84},"end":{"line":128,"column":null}},"line":119},"6":{"name":"(anonymous_6)","decl":{"start":{"line":131,"column":28},"end":{"line":131,"column":29}},"loc":{"start":{"line":131,"column":80},"end":{"line":140,"column":null}},"line":131},"7":{"name":"(anonymous_7)","decl":{"start":{"line":143,"column":30},"end":{"line":143,"column":31}},"loc":{"start":{"line":143,"column":105},"end":{"line":154,"column":null}},"line":143},"8":{"name":"(anonymous_8)","decl":{"start":{"line":148,"column":49},"end":{"line":148,"column":58}},"loc":{"start":{"line":148,"column":58},"end":{"line":148,"column":79}},"line":148},"9":{"name":"Sidebar","decl":{"start":{"line":156,"column":16},"end":{"line":156,"column":24}},"loc":{"start":{"line":163,"column":17},"end":{"line":209,"column":null}},"line":163},"10":{"name":"(anonymous_10)","decl":{"start":{"line":166,"column":4},"end":{"line":166,"column":10}},"loc":{"start":{"line":166,"column":10},"end":{"line":166,"column":null}},"line":166},"11":{"name":"(anonymous_11)","decl":{"start":{"line":171,"column":48},"end":{"line":171,"column":49}},"loc":{"start":{"line":171,"column":61},"end":{"line":176,"column":null}},"line":171},"12":{"name":"(anonymous_12)","decl":{"start":{"line":179,"column":27},"end":{"line":179,"column":28}},"loc":{"start":{"line":179,"column":47},"end":{"line":183,"column":null}},"line":179}},"branchMap":{"0":{"loc":{"start":{"line":75,"column":2},"end":{"line":75,"column":null}},"type":"if","locations":[{"start":{"line":75,"column":2},"end":{"line":75,"column":null}},{"start":{},"end":{}}],"line":75},"1":{"loc":{"start":{"line":76,"column":9},"end":{"line":76,"column":null}},"type":"binary-expr","locations":[{"start":{"line":76,"column":9},"end":{"line":76,"column":30}},{"start":{"line":76,"column":30},"end":{"line":76,"column":null}}],"line":76},"2":{"loc":{"start":{"line":83,"column":2},"end":{"line":83,"column":null}},"type":"default-arg","locations":[{"start":{"line":83,"column":18},"end":{"line":83,"column":null}}],"line":83},"3":{"loc":{"start":{"line":84,"column":2},"end":{"line":84,"column":null}},"type":"default-arg","locations":[{"start":{"line":84,"column":21},"end":{"line":84,"column":null}}],"line":84},"4":{"loc":{"start":{"line":86,"column":2},"end":{"line":86,"column":null}},"type":"if","locations":[{"start":{"line":86,"column":2},"end":{"line":86,"column":null}},{"start":{},"end":{}}],"line":86},"5":{"loc":{"start":{"line":92,"column":26},"end":{"line":92,"column":null}},"type":"binary-expr","locations":[{"start":{"line":92,"column":26},"end":{"line":92,"column":43}},{"start":{"line":92,"column":43},"end":{"line":92,"column":null}}],"line":92},"6":{"loc":{"start":{"line":96,"column":6},"end":{"line":104,"column":null}},"type":"if","locations":[{"start":{"line":96,"column":6},"end":{"line":104,"column":null}},{"start":{},"end":{}}],"line":96},"7":{"loc":{"start":{"line":96,"column":10},"end":{"line":96,"column":45}},"type":"binary-expr","locations":[{"start":{"line":96,"column":10},"end":{"line":96,"column":26}},{"start":{"line":96,"column":26},"end":{"line":96,"column":45}}],"line":96},"8":{"loc":{"start":{"line":99,"column":16},"end":{"line":99,"column":null}},"type":"cond-expr","locations":[{"start":{"line":99,"column":30},"end":{"line":99,"column":37}},{"start":{"line":99,"column":37},"end":{"line":99,"column":null}}],"line":99},"9":{"loc":{"start":{"line":109,"column":14},"end":{"line":109,"column":null}},"type":"cond-expr","locations":[{"start":{"line":109,"column":28},"end":{"line":109,"column":35}},{"start":{"line":109,"column":35},"end":{"line":109,"column":null}}],"line":109},"10":{"loc":{"start":{"line":111,"column":37},"end":{"line":111,"column":58}},"type":"binary-expr","locations":[{"start":{"line":111,"column":37},"end":{"line":111,"column":54}},{"start":{"line":111,"column":54},"end":{"line":111,"column":58}}],"line":111},"11":{"loc":{"start":{"line":121,"column":4},"end":{"line":121,"column":null}},"type":"if","locations":[{"start":{"line":121,"column":4},"end":{"line":121,"column":null}},{"start":{},"end":{}}],"line":121},"12":{"loc":{"start":{"line":122,"column":4},"end":{"line":125,"column":null}},"type":"if","locations":[{"start":{"line":122,"column":4},"end":{"line":125,"column":null}},{"start":{},"end":{}}],"line":122},"13":{"loc":{"start":{"line":124,"column":6},"end":{"line":124,"column":null}},"type":"if","locations":[{"start":{"line":124,"column":6},"end":{"line":124,"column":null}},{"start":{},"end":{}}],"line":124},"14":{"loc":{"start":{"line":133,"column":4},"end":{"line":133,"column":null}},"type":"if","locations":[{"start":{"line":133,"column":4},"end":{"line":133,"column":null}},{"start":{},"end":{}}],"line":133},"15":{"loc":{"start":{"line":134,"column":4},"end":{"line":137,"column":null}},"type":"if","locations":[{"start":{"line":134,"column":4},"end":{"line":137,"column":null}},{"start":{},"end":{}}],"line":134},"16":{"loc":{"start":{"line":136,"column":6},"end":{"line":136,"column":null}},"type":"if","locations":[{"start":{"line":136,"column":6},"end":{"line":136,"column":null}},{"start":{},"end":{}}],"line":136},"17":{"loc":{"start":{"line":143,"column":68},"end":{"line":143,"column":105}},"type":"default-arg","locations":[{"start":{"line":143,"column":88},"end":{"line":143,"column":105}}],"line":143},"18":{"loc":{"start":{"line":145,"column":4},"end":{"line":145,"column":null}},"type":"if","locations":[{"start":{"line":145,"column":4},"end":{"line":145,"column":null}},{"start":{},"end":{}}],"line":145},"19":{"loc":{"start":{"line":146,"column":4},"end":{"line":151,"column":null}},"type":"if","locations":[{"start":{"line":146,"column":4},"end":{"line":151,"column":null}},{"start":{},"end":{}}],"line":146},"20":{"loc":{"start":{"line":148,"column":6},"end":{"line":150,"column":null}},"type":"if","locations":[{"start":{"line":148,"column":6},"end":{"line":150,"column":null}},{"start":{},"end":{}}],"line":148},"21":{"loc":{"start":{"line":148,"column":10},"end":{"line":148,"column":82}},"type":"binary-expr","locations":[{"start":{"line":148,"column":10},"end":{"line":148,"column":30}},{"start":{"line":148,"column":30},"end":{"line":148,"column":82}}],"line":148},"22":{"loc":{"start":{"line":149,"column":15},"end":{"line":149,"column":null}},"type":"cond-expr","locations":[{"start":{"line":149,"column":34},"end":{"line":149,"column":42}},{"start":{"line":149,"column":42},"end":{"line":149,"column":null}}],"line":149},"23":{"loc":{"start":{"line":159,"column":2},"end":{"line":159,"column":null}},"type":"default-arg","locations":[{"start":{"line":159,"column":17},"end":{"line":159,"column":null}}],"line":159},"24":{"loc":{"start":{"line":160,"column":2},"end":{"line":160,"column":null}},"type":"default-arg","locations":[{"start":{"line":160,"column":13},"end":{"line":160,"column":null}}],"line":160},"25":{"loc":{"start":{"line":173,"column":4},"end":{"line":175,"column":null}},"type":"if","locations":[{"start":{"line":173,"column":4},"end":{"line":175,"column":null}},{"start":{},"end":{}}],"line":173},"26":{"loc":{"start":{"line":173,"column":8},"end":{"line":173,"column":29}},"type":"binary-expr","locations":[{"start":{"line":173,"column":8},"end":{"line":173,"column":16}},{"start":{"line":173,"column":16},"end":{"line":173,"column":29}}],"line":173},"27":{"loc":{"start":{"line":180,"column":4},"end":{"line":182,"column":null}},"type":"if","locations":[{"start":{"line":180,"column":4},"end":{"line":182,"column":null}},{"start":{},"end":{}}],"line":180},"28":{"loc":{"start":{"line":200,"column":20},"end":{"line":200,"column":null}},"type":"cond-expr","locations":[{"start":{"line":200,"column":32},"end":{"line":200,"column":37}},{"start":{"line":200,"column":37},"end":{"line":200,"column":null}}],"line":200}},"s":{"0":0,"1":0,"2":0,"3":0,"4":0,"5":0,"6":0,"7":0,"8":0,"9":0,"10":0,"11":0,"12":0,"13":0,"14":0,"15":0,"16":0,"17":0,"18":0,"19":0,"20":0,"21":0,"22":0,"23":0,"24":0,"25":0,"26":0,"27":0,"28":0,"29":0,"30":0,"31":0,"32":0,"33":0,"34":0,"35":0,"36":0,"37":0,"38":0,"39":0,"40":0,"41":0,"42":0,"43":0,"44":0,"45":0,"46":0,"47":0,"48":0,"49":0,"50":0,"51":0,"52":0,"53":0,"54":0,"55":0},"f":{"0":0,"1":0,"2":0,"3":0,"4":0,"5":0,"6":0,"7":0,"8":0,"9":0,"10":0,"11":0,"12":0},"b":{"0":[0,0],"1":[0,0],"2":[0],"3":[0],"4":[0,0],"5":[0,0],"6":[0,0],"7":[0,0],"8":[0,0],"9":[0,0],"10":[0,0],"11":[0,0],"12":[0,0],"13":[0,0],"14":[0,0],"15":[0,0],"16":[0,0],"17":[0],"18":[0,0],"19":[0,0],"20":[0,0],"21":[0,0],"22":[0,0],"23":[0],"24":[0],"25":[0,0],"26":[0,0],"27":[0,0],"28":[0,0]},"meta":{"lastBranch":29,"lastFunction":13,"lastStatement":56,"seen":{"s:31:43:49:Infinity":0,"s:74:16:77:Infinity":1,"f:74:16:74:17":0,"b:75:2:75:Infinity:undefined:undefined:undefined:undefined":0,"s:75:2:75:Infinity":2,"s:75:17:75:Infinity":3,"s:76:2:76:Infinity":4,"b:76:9:76:30:76:30:76:Infinity":1,"s:80:27:116:Infinity":5,"f:80:27:80:Infinity":1,"b:83:18:83:Infinity":2,"b:84:21:84:Infinity":3,"b:86:2:86:Infinity:undefined:undefined:undefined:undefined":4,"s:86:2:86:Infinity":6,"s:86:24:86:Infinity":7,"s:88:2:115:Infinity":8,"f:89:12:89:13":2,"s:89:22:89:35":9,"f:90:10:90:11":3,"s:90:20:90:45":10,"f:91:9:91:10":4,"s:92:26:92:Infinity":11,"b:92:26:92:43:92:43:92:Infinity":5,"s:93:19:93:Infinity":12,"b:96:6:104:Infinity:undefined:undefined:undefined:undefined":6,"s:96:6:104:Infinity":13,"b:96:10:96:26:96:26:96:45":7,"s:97:66:102:Infinity":14,"b:99:30:99:37:99:37:99:Infinity":8,"s:103:8:103:Infinity":15,"s:107:67:113:Infinity":16,"b:109:28:109:35:109:35:109:Infinity":9,"b:111:37:111:54:111:54:111:58":10,"s:114:6:114:Infinity":17,"s:119:30:128:Infinity":18,"f:119:30:119:31":5,"s:120:2:126:Infinity":19,"b:121:4:121:Infinity:undefined:undefined:undefined:undefined":11,"s:121:4:121:Infinity":20,"s:121:28:121:Infinity":21,"b:122:4:125:Infinity:undefined:undefined:undefined:undefined":12,"s:122:4:125:Infinity":22,"s:123:20:123:Infinity":23,"b:124:6:124:Infinity:undefined:undefined:undefined:undefined":13,"s:124:6:124:Infinity":24,"s:124:17:124:Infinity":25,"s:127:2:127:Infinity":26,"s:131:28:140:Infinity":27,"f:131:28:131:29":6,"s:132:2:138:Infinity":28,"b:133:4:133:Infinity:undefined:undefined:undefined:undefined":14,"s:133:4:133:Infinity":29,"s:133:24:133:Infinity":30,"b:134:4:137:Infinity:undefined:undefined:undefined:undefined":15,"s:134:4:137:Infinity":31,"s:135:20:135:Infinity":32,"b:136:6:136:Infinity:undefined:undefined:undefined:undefined":16,"s:136:6:136:Infinity":33,"s:136:17:136:Infinity":34,"s:139:2:139:Infinity":35,"s:143:30:154:Infinity":36,"f:143:30:143:31":7,"b:143:88:143:105":17,"s:144:2:152:Infinity":37,"b:145:4:145:Infinity:undefined:undefined:undefined:undefined":18,"s:145:4:145:Infinity":38,"s:145:30:145:Infinity":39,"b:146:4:151:Infinity:undefined:undefined:undefined:undefined":19,"s:146:4:151:Infinity":40,"s:147:20:147:Infinity":41,"b:148:6:150:Infinity:undefined:undefined:undefined:undefined":20,"s:148:6:150:Infinity":42,"b:148:10:148:30:148:30:148:82":21,"f:148:49:148:58":8,"s:148:58:148:79":43,"s:149:8:149:Infinity":44,"b:149:34:149:42:149:42:149:Infinity":22,"s:153:2:153:Infinity":45,"f:156:16:156:24":9,"b:159:17:159:Infinity":23,"b:160:13:160:Infinity":24,"s:165:8:168:Infinity":46,"f:166:4:166:10":10,"s:166:10:166:Infinity":47,"s:171:48:176:Infinity":48,"f:171:48:171:49":11,"s:172:17:172:Infinity":49,"b:173:4:175:Infinity:undefined:undefined:undefined:undefined":25,"s:173:4:175:Infinity":50,"b:173:8:173:16:173:16:173:29":26,"s:174:6:174:Infinity":51,"s:179:27:183:Infinity":52,"f:179:27:179:28":12,"b:180:4:182:Infinity:undefined:undefined:undefined:undefined":27,"s:180:4:182:Infinity":53,"s:181:6:181:Infinity":54,"s:185:2:207:Infinity":55,"b:200:32:200:37:200:37:200:Infinity":28}}},"/home/jji/project/mes-poc/mes-portal/components/layout/Header.tsx":{"path":"/home/jji/project/mes-poc/mes-portal/components/layout/Header.tsx","statementMap":{"0":{"start":{"line":51,"column":41},"end":{"line":51,"column":null}},"1":{"start":{"line":52,"column":36},"end":{"line":52,"column":null}},"2":{"start":{"line":53,"column":28},"end":{"line":53,"column":null}},"3":{"start":{"line":54,"column":56},"end":{"line":54,"column":null}},"4":{"start":{"line":55,"column":50},"end":{"line":55,"column":null}},"5":{"start":{"line":56,"column":8},"end":{"line":56,"column":null}},"6":{"start":{"line":59,"column":2},"end":{"line":61,"column":null}},"7":{"start":{"line":60,"column":4},"end":{"line":60,"column":null}},"8":{"start":{"line":64,"column":30},"end":{"line":64,"column":null}},"9":{"start":{"line":64,"column":63},"end":{"line":64,"column":72}},"10":{"start":{"line":67,"column":2},"end":{"line":69,"column":null}},"11":{"start":{"line":68,"column":4},"end":{"line":68,"column":null}},"12":{"start":{"line":72,"column":2},"end":{"line":87,"column":null}},"13":{"start":{"line":73,"column":23},"end":{"line":83,"column":null}},"14":{"start":{"line":74,"column":18},"end":{"line":74,"column":null}},"15":{"start":{"line":75,"column":6},"end":{"line":82,"column":null}},"16":{"start":{"line":84,"column":4},"end":{"line":84,"column":null}},"17":{"start":{"line":85,"column":18},"end":{"line":85,"column":null}},"18":{"start":{"line":86,"column":4},"end":{"line":86,"column":null}},"19":{"start":{"line":86,"column":17},"end":{"line":86,"column":null}},"20":{"start":{"line":90,"column":2},"end":{"line":107,"column":null}},"21":{"start":{"line":91,"column":31},"end":{"line":98,"column":null}},"22":{"start":{"line":92,"column":6},"end":{"line":97,"column":null}},"23":{"start":{"line":96,"column":8},"end":{"line":96,"column":null}},"24":{"start":{"line":100,"column":4},"end":{"line":102,"column":null}},"25":{"start":{"line":101,"column":6},"end":{"line":101,"column":null}},"26":{"start":{"line":104,"column":4},"end":{"line":106,"column":null}},"27":{"start":{"line":105,"column":6},"end":{"line":105,"column":null}},"28":{"start":{"line":110,"column":2},"end":{"line":118,"column":null}},"29":{"start":{"line":113,"column":6},"end":{"line":115,"column":null}},"30":{"start":{"line":114,"column":8},"end":{"line":114,"column":null}},"31":{"start":{"line":121,"column":2},"end":{"line":128,"column":null}},"32":{"start":{"line":124,"column":6},"end":{"line":124,"column":null}},"33":{"start":{"line":125,"column":6},"end":{"line":125,"column":null}},"34":{"start":{"line":131,"column":22},"end":{"line":134,"column":null}},"35":{"start":{"line":132,"column":25},"end":{"line":132,"column":null}},"36":{"start":{"line":133,"column":4},"end":{"line":133,"column":null}},"37":{"start":{"line":137,"column":17},"end":{"line":137,"column":null}},"38":{"start":{"line":140,"column":8},"end":{"line":142,"column":null}},"39":{"start":{"line":141,"column":4},"end":{"line":141,"column":null}},"40":{"start":{"line":141,"column":39},"end":{"line":141,"column":44}},"41":{"start":{"line":145,"column":8},"end":{"line":149,"column":null}},"42":{"start":{"line":146,"column":4},"end":{"line":148,"column":null}},"43":{"start":{"line":147,"column":6},"end":{"line":147,"column":null}},"44":{"start":{"line":147,"column":23},"end":{"line":147,"column":64}},"45":{"start":{"line":152,"column":8},"end":{"line":154,"column":null}},"46":{"start":{"line":153,"column":4},"end":{"line":153,"column":null}},"47":{"start":{"line":153,"column":36},"end":{"line":153,"column":77}},"48":{"start":{"line":153,"column":53},"end":{"line":153,"column":76}},"49":{"start":{"line":157,"column":8},"end":{"line":163,"column":null}},"50":{"start":{"line":159,"column":6},"end":{"line":159,"column":null}},"51":{"start":{"line":160,"column":6},"end":{"line":160,"column":null}},"52":{"start":{"line":166,"column":45},"end":{"line":166,"column":null}},"53":{"start":{"line":169,"column":47},"end":{"line":190,"column":null}},"54":{"start":{"line":193,"column":30},"end":{"line":195,"column":null}},"55":{"start":{"line":193,"column":61},"end":{"line":195,"column":4}},"56":{"start":{"line":197,"column":2},"end":{"line":303,"column":null}},"57":{"start":{"line":265,"column":27},"end":{"line":265,"column":null}}},"fnMap":{"0":{"name":"Header","decl":{"start":{"line":43,"column":16},"end":{"line":43,"column":23}},"loc":{"start":{"line":50,"column":16},"end":{"line":305,"column":null}},"line":50},"1":{"name":"(anonymous_1)","decl":{"start":{"line":59,"column":12},"end":{"line":59,"column":18}},"loc":{"start":{"line":59,"column":18},"end":{"line":61,"column":5}},"line":59},"2":{"name":"(anonymous_2)","decl":{"start":{"line":64,"column":56},"end":{"line":64,"column":57}},"loc":{"start":{"line":64,"column":63},"end":{"line":64,"column":72}},"line":64},"3":{"name":"(anonymous_3)","decl":{"start":{"line":67,"column":12},"end":{"line":67,"column":18}},"loc":{"start":{"line":67,"column":18},"end":{"line":69,"column":5}},"line":67},"4":{"name":"(anonymous_4)","decl":{"start":{"line":72,"column":12},"end":{"line":72,"column":18}},"loc":{"start":{"line":72,"column":18},"end":{"line":87,"column":5}},"line":72},"5":{"name":"(anonymous_5)","decl":{"start":{"line":73,"column":23},"end":{"line":73,"column":29}},"loc":{"start":{"line":73,"column":29},"end":{"line":83,"column":null}},"line":73},"6":{"name":"(anonymous_6)","decl":{"start":{"line":86,"column":11},"end":{"line":86,"column":17}},"loc":{"start":{"line":86,"column":17},"end":{"line":86,"column":null}},"line":86},"7":{"name":"(anonymous_7)","decl":{"start":{"line":90,"column":12},"end":{"line":90,"column":18}},"loc":{"start":{"line":90,"column":18},"end":{"line":107,"column":5}},"line":90},"8":{"name":"(anonymous_8)","decl":{"start":{"line":91,"column":31},"end":{"line":91,"column":32}},"loc":{"start":{"line":91,"column":54},"end":{"line":98,"column":null}},"line":91},"9":{"name":"(anonymous_9)","decl":{"start":{"line":104,"column":11},"end":{"line":104,"column":17}},"loc":{"start":{"line":104,"column":17},"end":{"line":106,"column":null}},"line":104},"10":{"name":"(anonymous_10)","decl":{"start":{"line":112,"column":4},"end":{"line":112,"column":10}},"loc":{"start":{"line":112,"column":10},"end":{"line":116,"column":null}},"line":112},"11":{"name":"(anonymous_11)","decl":{"start":{"line":123,"column":4},"end":{"line":123,"column":5}},"loc":{"start":{"line":123,"column":11},"end":{"line":126,"column":null}},"line":123},"12":{"name":"(anonymous_12)","decl":{"start":{"line":131,"column":22},"end":{"line":131,"column":28}},"loc":{"start":{"line":131,"column":28},"end":{"line":134,"column":null}},"line":131},"13":{"name":"(anonymous_13)","decl":{"start":{"line":140,"column":47},"end":{"line":140,"column":53}},"loc":{"start":{"line":140,"column":53},"end":{"line":142,"column":5}},"line":140},"14":{"name":"(anonymous_14)","decl":{"start":{"line":141,"column":29},"end":{"line":141,"column":30}},"loc":{"start":{"line":141,"column":39},"end":{"line":141,"column":44}},"line":141},"15":{"name":"(anonymous_15)","decl":{"start":{"line":145,"column":39},"end":{"line":145,"column":40}},"loc":{"start":{"line":145,"column":55},"end":{"line":149,"column":5}},"line":145},"16":{"name":"(anonymous_16)","decl":{"start":{"line":146,"column":26},"end":{"line":146,"column":27}},"loc":{"start":{"line":147,"column":6},"end":{"line":147,"column":null}},"line":147},"17":{"name":"(anonymous_17)","decl":{"start":{"line":147,"column":15},"end":{"line":147,"column":16}},"loc":{"start":{"line":147,"column":23},"end":{"line":147,"column":64}},"line":147},"18":{"name":"(anonymous_18)","decl":{"start":{"line":152,"column":42},"end":{"line":152,"column":48}},"loc":{"start":{"line":152,"column":48},"end":{"line":154,"column":5}},"line":152},"19":{"name":"(anonymous_19)","decl":{"start":{"line":153,"column":26},"end":{"line":153,"column":27}},"loc":{"start":{"line":153,"column":36},"end":{"line":153,"column":77}},"line":153},"20":{"name":"(anonymous_20)","decl":{"start":{"line":153,"column":45},"end":{"line":153,"column":46}},"loc":{"start":{"line":153,"column":53},"end":{"line":153,"column":76}},"line":153},"21":{"name":"(anonymous_21)","decl":{"start":{"line":158,"column":4},"end":{"line":158,"column":5}},"loc":{"start":{"line":158,"column":37},"end":{"line":161,"column":null}},"line":158},"22":{"name":"(anonymous_22)","decl":{"start":{"line":193,"column":50},"end":{"line":193,"column":51}},"loc":{"start":{"line":193,"column":61},"end":{"line":195,"column":4}},"line":193},"23":{"name":"(anonymous_23)","decl":{"start":{"line":265,"column":21},"end":{"line":265,"column":27}},"loc":{"start":{"line":265,"column":27},"end":{"line":265,"column":null}},"line":265}},"branchMap":{"0":{"loc":{"start":{"line":45,"column":2},"end":{"line":45,"column":null}},"type":"default-arg","locations":[{"start":{"line":45,"column":20},"end":{"line":45,"column":null}}],"line":45},"1":{"loc":{"start":{"line":46,"column":2},"end":{"line":46,"column":null}},"type":"default-arg","locations":[{"start":{"line":46,"column":18},"end":{"line":46,"column":null}}],"line":46},"2":{"loc":{"start":{"line":92,"column":6},"end":{"line":97,"column":null}},"type":"if","locations":[{"start":{"line":92,"column":6},"end":{"line":97,"column":null}},{"start":{},"end":{}}],"line":92},"3":{"loc":{"start":{"line":93,"column":8},"end":{"line":94,"column":null}},"type":"binary-expr","locations":[{"start":{"line":93,"column":8},"end":{"line":93,"column":null}},{"start":{"line":94,"column":8},"end":{"line":94,"column":null}}],"line":93},"4":{"loc":{"start":{"line":100,"column":4},"end":{"line":102,"column":null}},"type":"if","locations":[{"start":{"line":100,"column":4},"end":{"line":102,"column":null}},{"start":{},"end":{}}],"line":100},"5":{"loc":{"start":{"line":113,"column":6},"end":{"line":115,"column":null}},"type":"if","locations":[{"start":{"line":113,"column":6},"end":{"line":115,"column":null}},{"start":{},"end":{}}],"line":113},"6":{"loc":{"start":{"line":132,"column":25},"end":{"line":132,"column":null}},"type":"binary-expr","locations":[{"start":{"line":132,"column":25},"end":{"line":132,"column":42}},{"start":{"line":132,"column":42},"end":{"line":132,"column":null}}],"line":132},"7":{"loc":{"start":{"line":133,"column":13},"end":{"line":133,"column":55}},"type":"cond-expr","locations":[{"start":{"line":133,"column":39},"end":{"line":133,"column":49}},{"start":{"line":133,"column":49},"end":{"line":133,"column":55}}],"line":133},"8":{"loc":{"start":{"line":137,"column":17},"end":{"line":137,"column":null}},"type":"binary-expr","locations":[{"start":{"line":137,"column":17},"end":{"line":137,"column":29}},{"start":{"line":137,"column":17},"end":{"line":137,"column":null}}],"line":137},"9":{"loc":{"start":{"line":137,"column":29},"end":{"line":137,"column":57}},"type":"binary-expr","locations":[{"start":{"line":137,"column":29},"end":{"line":137,"column":46}},{"start":{"line":137,"column":46},"end":{"line":137,"column":57}}],"line":137},"10":{"loc":{"start":{"line":147,"column":23},"end":{"line":147,"column":64}},"type":"cond-expr","locations":[{"start":{"line":147,"column":37},"end":{"line":147,"column":62}},{"start":{"line":147,"column":62},"end":{"line":147,"column":64}}],"line":147},"11":{"loc":{"start":{"line":194,"column":11},"end":{"line":194,"column":null}},"type":"cond-expr","locations":[{"start":{"line":194,"column":23},"end":{"line":194,"column":68}},{"start":{"line":194,"column":68},"end":{"line":194,"column":null}}],"line":194},"12":{"loc":{"start":{"line":275,"column":16},"end":{"line":275,"column":null}},"type":"cond-expr","locations":[{"start":{"line":275,"column":25},"end":{"line":275,"column":43}},{"start":{"line":275,"column":43},"end":{"line":275,"column":null}}],"line":275},"13":{"loc":{"start":{"line":277,"column":17},"end":{"line":277,"column":null}},"type":"cond-expr","locations":[{"start":{"line":277,"column":26},"end":{"line":277,"column":37}},{"start":{"line":277,"column":37},"end":{"line":277,"column":null}}],"line":277},"14":{"loc":{"start":{"line":278,"column":22},"end":{"line":278,"column":null}},"type":"cond-expr","locations":[{"start":{"line":278,"column":31},"end":{"line":278,"column":46}},{"start":{"line":278,"column":46},"end":{"line":278,"column":null}}],"line":278},"15":{"loc":{"start":{"line":294,"column":20},"end":{"line":294,"column":null}},"type":"binary-expr","locations":[{"start":{"line":294,"column":20},"end":{"line":294,"column":37}},{"start":{"line":294,"column":37},"end":{"line":294,"column":null}}],"line":294}},"s":{"0":0,"1":0,"2":0,"3":0,"4":0,"5":0,"6":0,"7":0,"8":0,"9":0,"10":0,"11":0,"12":0,"13":0,"14":0,"15":0,"16":0,"17":0,"18":0,"19":0,"20":0,"21":0,"22":0,"23":0,"24":0,"25":0,"26":0,"27":0,"28":0,"29":0,"30":0,"31":0,"32":0,"33":0,"34":0,"35":0,"36":0,"37":0,"38":0,"39":0,"40":0,"41":0,"42":0,"43":0,"44":0,"45":0,"46":0,"47":0,"48":0,"49":0,"50":0,"51":0,"52":0,"53":0,"54":0,"55":0,"56":0,"57":0},"f":{"0":0,"1":0,"2":0,"3":0,"4":0,"5":0,"6":0,"7":0,"8":0,"9":0,"10":0,"11":0,"12":0,"13":0,"14":0,"15":0,"16":0,"17":0,"18":0,"19":0,"20":0,"21":0,"22":0,"23":0},"b":{"0":[0],"1":[0],"2":[0,0],"3":[0,0],"4":[0,0],"5":[0,0],"6":[0,0],"7":[0,0],"8":[0,0],"9":[0,0],"10":[0,0],"11":[0,0],"12":[0,0],"13":[0,0],"14":[0,0],"15":[0,0]},"meta":{"lastBranch":16,"lastFunction":24,"lastStatement":58,"seen":{"f:43:16:43:23":0,"b:45:20:45:Infinity":0,"b:46:18:46:Infinity":1,"s:51:41:51:Infinity":0,"s:52:36:52:Infinity":1,"s:53:28:53:Infinity":2,"s:54:56:54:Infinity":3,"s:55:50:55:Infinity":4,"s:56:8:56:Infinity":5,"s:59:2:61:Infinity":6,"f:59:12:59:18":1,"s:60:4:60:Infinity":7,"s:64:30:64:Infinity":8,"f:64:56:64:57":2,"s:64:63:64:72":9,"s:67:2:69:Infinity":10,"f:67:12:67:18":3,"s:68:4:68:Infinity":11,"s:72:2:87:Infinity":12,"f:72:12:72:18":4,"s:73:23:83:Infinity":13,"f:73:23:73:29":5,"s:74:18:74:Infinity":14,"s:75:6:82:Infinity":15,"s:84:4:84:Infinity":16,"s:85:18:85:Infinity":17,"s:86:4:86:Infinity":18,"f:86:11:86:17":6,"s:86:17:86:Infinity":19,"s:90:2:107:Infinity":20,"f:90:12:90:18":7,"s:91:31:98:Infinity":21,"f:91:31:91:32":8,"b:92:6:97:Infinity:undefined:undefined:undefined:undefined":2,"s:92:6:97:Infinity":22,"b:93:8:93:Infinity:94:8:94:Infinity":3,"s:96:8:96:Infinity":23,"b:100:4:102:Infinity:undefined:undefined:undefined:undefined":4,"s:100:4:102:Infinity":24,"s:101:6:101:Infinity":25,"s:104:4:106:Infinity":26,"f:104:11:104:17":9,"s:105:6:105:Infinity":27,"s:110:2:118:Infinity":28,"f:112:4:112:10":10,"b:113:6:115:Infinity:undefined:undefined:undefined:undefined":5,"s:113:6:115:Infinity":29,"s:114:8:114:Infinity":30,"s:121:2:128:Infinity":31,"f:123:4:123:5":11,"s:124:6:124:Infinity":32,"s:125:6:125:Infinity":33,"s:131:22:134:Infinity":34,"f:131:22:131:28":12,"s:132:25:132:Infinity":35,"b:132:25:132:42:132:42:132:Infinity":6,"s:133:4:133:Infinity":36,"b:133:39:133:49:133:49:133:55":7,"s:137:17:137:Infinity":37,"b:137:17:137:29:137:17:137:Infinity":8,"b:137:29:137:46:137:46:137:57":9,"s:140:8:142:Infinity":38,"f:140:47:140:53":13,"s:141:4:141:Infinity":39,"f:141:29:141:30":14,"s:141:39:141:44":40,"s:145:8:149:Infinity":41,"f:145:39:145:40":15,"s:146:4:148:Infinity":42,"f:146:26:146:27":16,"s:147:6:147:Infinity":43,"f:147:15:147:16":17,"s:147:23:147:64":44,"b:147:37:147:62:147:62:147:64":10,"s:152:8:154:Infinity":45,"f:152:42:152:48":18,"s:153:4:153:Infinity":46,"f:153:26:153:27":19,"s:153:36:153:77":47,"f:153:45:153:46":20,"s:153:53:153:76":48,"s:157:8:163:Infinity":49,"f:158:4:158:5":21,"s:159:6:159:Infinity":50,"s:160:6:160:Infinity":51,"s:166:45:166:Infinity":52,"s:169:47:190:Infinity":53,"s:193:30:195:Infinity":54,"f:193:50:193:51":22,"s:193:61:195:4":55,"b:194:23:194:68:194:68:194:Infinity":11,"s:197:2:303:Infinity":56,"f:265:21:265:27":23,"s:265:27:265:Infinity":57,"b:275:25:275:43:275:43:275:Infinity":12,"b:277:26:277:37:277:37:277:Infinity":13,"b:278:31:278:46:278:46:278:Infinity":14,"b:294:20:294:37:294:37:294:Infinity":15}}},"/home/jji/project/mes-poc/mes-portal/lib/theme/components.ts":{"path":"/home/jji/project/mes-poc/mes-portal/lib/theme/components.ts","statementMap":{"0":{"start":{"line":6,"column":58},"end":{"line":19,"column":null}},"1":{"start":{"line":21,"column":62},"end":{"line":34,"column":null}}},"fnMap":{},"branchMap":{},"s":{"0":0,"1":0},"f":{},"b":{},"meta":{"lastBranch":0,"lastFunction":0,"lastStatement":2,"seen":{"s:6:58:19:Infinity":0,"s:21:62:34:Infinity":1}}},"/home/jji/project/mes-poc/mes-portal/components/layout/PortalLayout.tsx":{"path":"/home/jji/project/mes-poc/mes-portal/components/layout/PortalLayout.tsx","statementMap":{"0":{"start":{"line":9,"column":43},"end":{"line":9,"column":null}},"1":{"start":{"line":11,"column":28},"end":{"line":11,"column":null}},"2":{"start":{"line":14,"column":20},"end":{"line":18,"column":null}},"3":{"start":{"line":37,"column":32},"end":{"line":37,"column":null}},"4":{"start":{"line":38,"column":34},"end":{"line":38,"column":null}},"5":{"start":{"line":39,"column":28},"end":{"line":39,"column":null}},"6":{"start":{"line":42,"column":24},"end":{"line":46,"column":null}},"7":{"start":{"line":43,"column":4},"end":{"line":43,"column":null}},"8":{"start":{"line":43,"column":37},"end":{"line":43,"column":null}},"9":{"start":{"line":44,"column":4},"end":{"line":44,"column":null}},"10":{"start":{"line":44,"column":37},"end":{"line":44,"column":null}},"11":{"start":{"line":45,"column":4},"end":{"line":45,"column":null}},"12":{"start":{"line":49,"column":2},"end":{"line":66,"column":null}},"13":{"start":{"line":50,"column":4},"end":{"line":50,"column":null}},"14":{"start":{"line":53,"column":27},"end":{"line":53,"column":null}},"15":{"start":{"line":54,"column":4},"end":{"line":56,"column":null}},"16":{"start":{"line":55,"column":6},"end":{"line":55,"column":null}},"17":{"start":{"line":59,"column":30},"end":{"line":59,"column":null}},"18":{"start":{"line":60,"column":4},"end":{"line":60,"column":null}},"19":{"start":{"line":63,"column":4},"end":{"line":65,"column":null}},"20":{"start":{"line":64,"column":6},"end":{"line":64,"column":null}},"21":{"start":{"line":69,"column":2},"end":{"line":82,"column":null}},"22":{"start":{"line":70,"column":25},"end":{"line":78,"column":null}},"23":{"start":{"line":71,"column":28},"end":{"line":71,"column":null}},"24":{"start":{"line":72,"column":6},"end":{"line":72,"column":null}},"25":{"start":{"line":75,"column":6},"end":{"line":77,"column":null}},"26":{"start":{"line":76,"column":8},"end":{"line":76,"column":null}},"27":{"start":{"line":80,"column":4},"end":{"line":80,"column":null}},"28":{"start":{"line":81,"column":4},"end":{"line":81,"column":null}},"29":{"start":{"line":81,"column":17},"end":{"line":81,"column":null}},"30":{"start":{"line":85,"column":25},"end":{"line":88,"column":null}},"31":{"start":{"line":86,"column":4},"end":{"line":86,"column":null}},"32":{"start":{"line":87,"column":4},"end":{"line":87,"column":null}},"33":{"start":{"line":91,"column":24},"end":{"line":93,"column":null}},"34":{"start":{"line":92,"column":4},"end":{"line":92,"column":null}},"35":{"start":{"line":96,"column":23},"end":{"line":100,"column":null}},"36":{"start":{"line":102,"column":2},"end":{"line":186,"column":null}}},"fnMap":{"0":{"name":"PortalLayout","decl":{"start":{"line":30,"column":16},"end":{"line":30,"column":29}},"loc":{"start":{"line":36,"column":22},"end":{"line":188,"column":null}},"line":36},"1":{"name":"(anonymous_1)","decl":{"start":{"line":42,"column":24},"end":{"line":42,"column":25}},"loc":{"start":{"line":42,"column":55},"end":{"line":46,"column":null}},"line":42},"2":{"name":"(anonymous_2)","decl":{"start":{"line":49,"column":12},"end":{"line":49,"column":18}},"loc":{"start":{"line":49,"column":18},"end":{"line":66,"column":5}},"line":49},"3":{"name":"(anonymous_3)","decl":{"start":{"line":69,"column":12},"end":{"line":69,"column":18}},"loc":{"start":{"line":69,"column":18},"end":{"line":82,"column":5}},"line":69},"4":{"name":"(anonymous_4)","decl":{"start":{"line":70,"column":25},"end":{"line":70,"column":31}},"loc":{"start":{"line":70,"column":31},"end":{"line":78,"column":null}},"line":70},"5":{"name":"(anonymous_5)","decl":{"start":{"line":81,"column":11},"end":{"line":81,"column":17}},"loc":{"start":{"line":81,"column":17},"end":{"line":81,"column":null}},"line":81},"6":{"name":"(anonymous_6)","decl":{"start":{"line":85,"column":25},"end":{"line":85,"column":26}},"loc":{"start":{"line":85,"column":45},"end":{"line":88,"column":null}},"line":85},"7":{"name":"(anonymous_7)","decl":{"start":{"line":91,"column":24},"end":{"line":91,"column":30}},"loc":{"start":{"line":91,"column":30},"end":{"line":93,"column":null}},"line":91}},"branchMap":{"0":{"loc":{"start":{"line":43,"column":4},"end":{"line":43,"column":null}},"type":"if","locations":[{"start":{"line":43,"column":4},"end":{"line":43,"column":null}},{"start":{},"end":{}}],"line":43},"1":{"loc":{"start":{"line":44,"column":4},"end":{"line":44,"column":null}},"type":"if","locations":[{"start":{"line":44,"column":4},"end":{"line":44,"column":null}},{"start":{},"end":{}}],"line":44},"2":{"loc":{"start":{"line":54,"column":4},"end":{"line":56,"column":null}},"type":"if","locations":[{"start":{"line":54,"column":4},"end":{"line":56,"column":null}},{"start":{},"end":{}}],"line":54},"3":{"loc":{"start":{"line":63,"column":4},"end":{"line":65,"column":null}},"type":"if","locations":[{"start":{"line":63,"column":4},"end":{"line":65,"column":null}},{"start":{},"end":{}}],"line":63},"4":{"loc":{"start":{"line":75,"column":6},"end":{"line":77,"column":null}},"type":"if","locations":[{"start":{"line":75,"column":6},"end":{"line":77,"column":null}},{"start":{},"end":{}}],"line":75},"5":{"loc":{"start":{"line":75,"column":10},"end":{"line":75,"column":68}},"type":"binary-expr","locations":[{"start":{"line":75,"column":10},"end":{"line":75,"column":40}},{"start":{"line":75,"column":40},"end":{"line":75,"column":68}}],"line":75},"6":{"loc":{"start":{"line":96,"column":23},"end":{"line":100,"column":null}},"type":"cond-expr","locations":[{"start":{"line":97,"column":6},"end":{"line":99,"column":null}},{"start":{"line":100,"column":6},"end":{"line":100,"column":null}}],"line":96},"7":{"loc":{"start":{"line":97,"column":6},"end":{"line":99,"column":null}},"type":"cond-expr","locations":[{"start":{"line":98,"column":8},"end":{"line":98,"column":null}},{"start":{"line":99,"column":8},"end":{"line":99,"column":null}}],"line":97},"8":{"loc":{"start":{"line":114,"column":22},"end":{"line":114,"column":null}},"type":"cond-expr","locations":[{"start":{"line":114,"column":34},"end":{"line":114,"column":47}},{"start":{"line":114,"column":47},"end":{"line":114,"column":null}}],"line":114},"9":{"loc":{"start":{"line":118,"column":11},"end":{"line":118,"column":null}},"type":"cond-expr","locations":[{"start":{"line":118,"column":23},"end":{"line":118,"column":48}},{"start":{"line":118,"column":48},"end":{"line":118,"column":null}}],"line":118},"10":{"loc":{"start":{"line":153,"column":11},"end":{"line":160,"column":null}},"type":"binary-expr","locations":[{"start":{"line":153,"column":11},"end":{"line":153,"column":null}},{"start":{"line":154,"column":12},"end":{"line":160,"column":null}}],"line":153},"11":{"loc":{"start":{"line":167,"column":25},"end":{"line":169,"column":null}},"type":"cond-expr","locations":[{"start":{"line":168,"column":18},"end":{"line":168,"column":null}},{"start":{"line":169,"column":18},"end":{"line":169,"column":null}}],"line":167},"12":{"loc":{"start":{"line":182,"column":13},"end":{"line":182,"column":null}},"type":"binary-expr","locations":[{"start":{"line":182,"column":13},"end":{"line":182,"column":23}},{"start":{"line":182,"column":23},"end":{"line":182,"column":null}}],"line":182}},"s":{"0":0,"1":0,"2":0,"3":0,"4":0,"5":0,"6":0,"7":0,"8":0,"9":0,"10":0,"11":0,"12":0,"13":0,"14":0,"15":0,"16":0,"17":0,"18":0,"19":0,"20":0,"21":0,"22":0,"23":0,"24":0,"25":0,"26":0,"27":0,"28":0,"29":0,"30":0,"31":0,"32":0,"33":0,"34":0,"35":0,"36":0},"f":{"0":0,"1":0,"2":0,"3":0,"4":0,"5":0,"6":0,"7":0},"b":{"0":[0,0],"1":[0,0],"2":[0,0],"3":[0,0],"4":[0,0],"5":[0,0],"6":[0,0],"7":[0,0],"8":[0,0],"9":[0,0],"10":[0,0],"11":[0,0],"12":[0,0]},"meta":{"lastBranch":13,"lastFunction":8,"lastStatement":37,"seen":{"s:9:43:9:Infinity":0,"s:11:28:11:Infinity":1,"s:14:20:18:Infinity":2,"f:30:16:30:29":0,"s:37:32:37:Infinity":3,"s:38:34:38:Infinity":4,"s:39:28:39:Infinity":5,"s:42:24:46:Infinity":6,"f:42:24:42:25":1,"b:43:4:43:Infinity:undefined:undefined:undefined:undefined":0,"s:43:4:43:Infinity":7,"s:43:37:43:Infinity":8,"b:44:4:44:Infinity:undefined:undefined:undefined:undefined":1,"s:44:4:44:Infinity":9,"s:44:37:44:Infinity":10,"s:45:4:45:Infinity":11,"s:49:2:66:Infinity":12,"f:49:12:49:18":2,"s:50:4:50:Infinity":13,"s:53:27:53:Infinity":14,"b:54:4:56:Infinity:undefined:undefined:undefined:undefined":2,"s:54:4:56:Infinity":15,"s:55:6:55:Infinity":16,"s:59:30:59:Infinity":17,"s:60:4:60:Infinity":18,"b:63:4:65:Infinity:undefined:undefined:undefined:undefined":3,"s:63:4:65:Infinity":19,"s:64:6:64:Infinity":20,"s:69:2:82:Infinity":21,"f:69:12:69:18":3,"s:70:25:78:Infinity":22,"f:70:25:70:31":4,"s:71:28:71:Infinity":23,"s:72:6:72:Infinity":24,"b:75:6:77:Infinity:undefined:undefined:undefined:undefined":4,"s:75:6:77:Infinity":25,"b:75:10:75:40:75:40:75:68":5,"s:76:8:76:Infinity":26,"s:80:4:80:Infinity":27,"s:81:4:81:Infinity":28,"f:81:11:81:17":5,"s:81:17:81:Infinity":29,"s:85:25:88:Infinity":30,"f:85:25:85:26":6,"s:86:4:86:Infinity":31,"s:87:4:87:Infinity":32,"s:91:24:93:Infinity":33,"f:91:24:91:30":7,"s:92:4:92:Infinity":34,"s:96:23:100:Infinity":35,"b:97:6:99:Infinity:100:6:100:Infinity":6,"b:98:8:98:Infinity:99:8:99:Infinity":7,"s:102:2:186:Infinity":36,"b:114:34:114:47:114:47:114:Infinity":8,"b:118:23:118:48:118:48:118:Infinity":9,"b:153:11:153:Infinity:154:12:160:Infinity":10,"b:168:18:168:Infinity:169:18:169:Infinity":11,"b:182:13:182:23:182:23:182:Infinity":12}}},"/home/jji/project/mes-poc/mes-portal/components/common/NotificationPanel.tsx":{"path":"/home/jji/project/mes-poc/mes-portal/components/common/NotificationPanel.tsx","statementMap":{"0":{"start":{"line":16,"column":17},"end":{"line":16,"column":null}},"1":{"start":{"line":42,"column":28},"end":{"line":50,"column":null}},"2":{"start":{"line":43,"column":18},"end":{"line":48,"column":null}},"3":{"start":{"line":49,"column":2},"end":{"line":49,"column":null}},"4":{"start":{"line":53,"column":24},"end":{"line":71,"column":null}},"5":{"start":{"line":54,"column":15},"end":{"line":54,"column":null}},"6":{"start":{"line":55,"column":14},"end":{"line":55,"column":null}},"7":{"start":{"line":56,"column":17},"end":{"line":56,"column":null}},"8":{"start":{"line":57,"column":18},"end":{"line":57,"column":null}},"9":{"start":{"line":58,"column":18},"end":{"line":58,"column":null}},"10":{"start":{"line":59,"column":19},"end":{"line":59,"column":null}},"11":{"start":{"line":60,"column":18},"end":{"line":60,"column":null}},"12":{"start":{"line":62,"column":2},"end":{"line":62,"column":null}},"13":{"start":{"line":62,"column":20},"end":{"line":62,"column":null}},"14":{"start":{"line":63,"column":2},"end":{"line":63,"column":null}},"15":{"start":{"line":63,"column":20},"end":{"line":63,"column":null}},"16":{"start":{"line":64,"column":2},"end":{"line":64,"column":null}},"17":{"start":{"line":64,"column":21},"end":{"line":64,"column":null}},"18":{"start":{"line":65,"column":2},"end":{"line":65,"column":null}},"19":{"start":{"line":65,"column":19},"end":{"line":65,"column":null}},"20":{"start":{"line":67,"column":2},"end":{"line":70,"column":null}},"21":{"start":{"line":83,"column":8},"end":{"line":87,"column":null}},"22":{"start":{"line":84,"column":4},"end":{"line":86,"column":null}},"23":{"start":{"line":85,"column":16},"end":{"line":85,"column":null}},"24":{"start":{"line":90,"column":8},"end":{"line":92,"column":null}},"25":{"start":{"line":91,"column":4},"end":{"line":91,"column":null}},"26":{"start":{"line":91,"column":39},"end":{"line":91,"column":48}},"27":{"start":{"line":95,"column":34},"end":{"line":106,"column":null}},"28":{"start":{"line":97,"column":4},"end":{"line":99,"column":null}},"29":{"start":{"line":98,"column":6},"end":{"line":98,"column":null}},"30":{"start":{"line":102,"column":4},"end":{"line":105,"column":null}},"31":{"start":{"line":103,"column":6},"end":{"line":103,"column":null}},"32":{"start":{"line":104,"column":6},"end":{"line":104,"column":null}},"33":{"start":{"line":108,"column":2},"end":{"line":110,"column":null}},"34":{"start":{"line":109,"column":4},"end":{"line":109,"column":null}},"35":{"start":{"line":112,"column":2},"end":{"line":227,"column":null}},"36":{"start":{"line":154,"column":14},"end":{"line":205,"column":null}},"37":{"start":{"line":158,"column":31},"end":{"line":158,"column":null}}},"fnMap":{"0":{"name":"(anonymous_0)","decl":{"start":{"line":42,"column":28},"end":{"line":42,"column":29}},"loc":{"start":{"line":42,"column":56},"end":{"line":50,"column":null}},"line":42},"1":{"name":"(anonymous_1)","decl":{"start":{"line":53,"column":24},"end":{"line":53,"column":25}},"loc":{"start":{"line":53,"column":56},"end":{"line":71,"column":null}},"line":53},"2":{"name":"NotificationPanel","decl":{"start":{"line":73,"column":16},"end":{"line":73,"column":34}},"loc":{"start":{"line":81,"column":27},"end":{"line":229,"column":null}},"line":81},"3":{"name":"(anonymous_3)","decl":{"start":{"line":83,"column":38},"end":{"line":83,"column":44}},"loc":{"start":{"line":83,"column":44},"end":{"line":87,"column":5}},"line":83},"4":{"name":"(anonymous_4)","decl":{"start":{"line":85,"column":6},"end":{"line":85,"column":7}},"loc":{"start":{"line":85,"column":16},"end":{"line":85,"column":null}},"line":85},"5":{"name":"(anonymous_5)","decl":{"start":{"line":90,"column":30},"end":{"line":90,"column":36}},"loc":{"start":{"line":90,"column":36},"end":{"line":92,"column":5}},"line":90},"6":{"name":"(anonymous_6)","decl":{"start":{"line":91,"column":32},"end":{"line":91,"column":33}},"loc":{"start":{"line":91,"column":39},"end":{"line":91,"column":48}},"line":91},"7":{"name":"(anonymous_7)","decl":{"start":{"line":95,"column":34},"end":{"line":95,"column":35}},"loc":{"start":{"line":95,"column":66},"end":{"line":106,"column":null}},"line":95},"8":{"name":"(anonymous_8)","decl":{"start":{"line":153,"column":24},"end":{"line":153,"column":25}},"loc":{"start":{"line":154,"column":14},"end":{"line":205,"column":null}},"line":154},"9":{"name":"(anonymous_9)","decl":{"start":{"line":158,"column":25},"end":{"line":158,"column":31}},"loc":{"start":{"line":158,"column":31},"end":{"line":158,"column":null}},"line":158}},"branchMap":{"0":{"loc":{"start":{"line":49,"column":9},"end":{"line":49,"column":null}},"type":"binary-expr","locations":[{"start":{"line":49,"column":9},"end":{"line":49,"column":26}},{"start":{"line":49,"column":26},"end":{"line":49,"column":null}}],"line":49},"1":{"loc":{"start":{"line":62,"column":2},"end":{"line":62,"column":null}},"type":"if","locations":[{"start":{"line":62,"column":2},"end":{"line":62,"column":null}},{"start":{},"end":{}}],"line":62},"2":{"loc":{"start":{"line":63,"column":2},"end":{"line":63,"column":null}},"type":"if","locations":[{"start":{"line":63,"column":2},"end":{"line":63,"column":null}},{"start":{},"end":{}}],"line":63},"3":{"loc":{"start":{"line":64,"column":2},"end":{"line":64,"column":null}},"type":"if","locations":[{"start":{"line":64,"column":2},"end":{"line":64,"column":null}},{"start":{},"end":{}}],"line":64},"4":{"loc":{"start":{"line":65,"column":2},"end":{"line":65,"column":null}},"type":"if","locations":[{"start":{"line":65,"column":2},"end":{"line":65,"column":null}},{"start":{},"end":{}}],"line":65},"5":{"loc":{"start":{"line":76,"column":2},"end":{"line":76,"column":null}},"type":"default-arg","locations":[{"start":{"line":76,"column":12},"end":{"line":76,"column":null}}],"line":76},"6":{"loc":{"start":{"line":97,"column":4},"end":{"line":99,"column":null}},"type":"if","locations":[{"start":{"line":97,"column":4},"end":{"line":99,"column":null}},{"start":{},"end":{}}],"line":97},"7":{"loc":{"start":{"line":97,"column":8},"end":{"line":97,"column":46}},"type":"binary-expr","locations":[{"start":{"line":97,"column":8},"end":{"line":97,"column":32}},{"start":{"line":97,"column":32},"end":{"line":97,"column":46}}],"line":97},"8":{"loc":{"start":{"line":102,"column":4},"end":{"line":105,"column":null}},"type":"if","locations":[{"start":{"line":102,"column":4},"end":{"line":105,"column":null}},{"start":{},"end":{}}],"line":102},"9":{"loc":{"start":{"line":102,"column":8},"end":{"line":102,"column":41}},"type":"binary-expr","locations":[{"start":{"line":102,"column":8},"end":{"line":102,"column":29}},{"start":{"line":102,"column":29},"end":{"line":102,"column":41}}],"line":102},"10":{"loc":{"start":{"line":103,"column":36},"end":{"line":103,"column":80}},"type":"binary-expr","locations":[{"start":{"line":103,"column":36},"end":{"line":103,"column":62}},{"start":{"line":103,"column":62},"end":{"line":103,"column":80}}],"line":103},"11":{"loc":{"start":{"line":108,"column":2},"end":{"line":110,"column":null}},"type":"if","locations":[{"start":{"line":108,"column":2},"end":{"line":110,"column":null}},{"start":{},"end":{}}],"line":108},"12":{"loc":{"start":{"line":124,"column":11},"end":{"line":127,"column":null}},"type":"binary-expr","locations":[{"start":{"line":124,"column":11},"end":{"line":124,"column":null}},{"start":{"line":125,"column":12},"end":{"line":127,"column":null}}],"line":124},"13":{"loc":{"start":{"line":126,"column":15},"end":{"line":126,"column":null}},"type":"cond-expr","locations":[{"start":{"line":126,"column":34},"end":{"line":126,"column":42}},{"start":{"line":126,"column":42},"end":{"line":126,"column":null}}],"line":126},"14":{"loc":{"start":{"line":162,"column":20},"end":{"line":162,"column":80}},"type":"cond-expr","locations":[{"start":{"line":162,"column":43},"end":{"line":162,"column":78}},{"start":{"line":162,"column":78},"end":{"line":162,"column":80}}],"line":162},"15":{"loc":{"start":{"line":179,"column":28},"end":{"line":179,"column":122}},"type":"cond-expr","locations":[{"start":{"line":179,"column":51},"end":{"line":179,"column":88}},{"start":{"line":179,"column":88},"end":{"line":179,"column":122}}],"line":179},"16":{"loc":{"start":{"line":182,"column":25},"end":{"line":183,"column":null}},"type":"binary-expr","locations":[{"start":{"line":182,"column":25},"end":{"line":182,"column":null}},{"start":{"line":183,"column":26},"end":{"line":183,"column":null}}],"line":182},"17":{"loc":{"start":{"line":212,"column":7},"end":{"line":225,"column":null}},"type":"binary-expr","locations":[{"start":{"line":212,"column":7},"end":{"line":212,"column":null}},{"start":{"line":213,"column":8},"end":{"line":225,"column":null}}],"line":212}},"s":{"0":0,"1":0,"2":0,"3":0,"4":0,"5":0,"6":0,"7":0,"8":0,"9":0,"10":0,"11":0,"12":0,"13":0,"14":0,"15":0,"16":0,"17":0,"18":0,"19":0,"20":0,"21":0,"22":0,"23":0,"24":0,"25":0,"26":0,"27":0,"28":0,"29":0,"30":0,"31":0,"32":0,"33":0,"34":0,"35":0,"36":0,"37":0},"f":{"0":0,"1":0,"2":0,"3":0,"4":0,"5":0,"6":0,"7":0,"8":0,"9":0},"b":{"0":[0,0],"1":[0,0],"2":[0,0],"3":[0,0],"4":[0,0],"5":[0],"6":[0,0],"7":[0,0],"8":[0,0],"9":[0,0],"10":[0,0],"11":[0,0],"12":[0,0],"13":[0,0],"14":[0,0],"15":[0,0],"16":[0,0],"17":[0,0]},"meta":{"lastBranch":18,"lastFunction":10,"lastStatement":38,"seen":{"s:16:17:16:Infinity":0,"s:42:28:50:Infinity":1,"f:42:28:42:29":0,"s:43:18:48:Infinity":2,"s:49:2:49:Infinity":3,"b:49:9:49:26:49:26:49:Infinity":0,"s:53:24:71:Infinity":4,"f:53:24:53:25":1,"s:54:15:54:Infinity":5,"s:55:14:55:Infinity":6,"s:56:17:56:Infinity":7,"s:57:18:57:Infinity":8,"s:58:18:58:Infinity":9,"s:59:19:59:Infinity":10,"s:60:18:60:Infinity":11,"b:62:2:62:Infinity:undefined:undefined:undefined:undefined":1,"s:62:2:62:Infinity":12,"s:62:20:62:Infinity":13,"b:63:2:63:Infinity:undefined:undefined:undefined:undefined":2,"s:63:2:63:Infinity":14,"s:63:20:63:Infinity":15,"b:64:2:64:Infinity:undefined:undefined:undefined:undefined":3,"s:64:2:64:Infinity":16,"s:64:21:64:Infinity":17,"b:65:2:65:Infinity:undefined:undefined:undefined:undefined":4,"s:65:2:65:Infinity":18,"s:65:19:65:Infinity":19,"s:67:2:70:Infinity":20,"f:73:16:73:34":2,"b:76:12:76:Infinity":5,"s:83:8:87:Infinity":21,"f:83:38:83:44":3,"s:84:4:86:Infinity":22,"f:85:6:85:7":4,"s:85:16:85:Infinity":23,"s:90:8:92:Infinity":24,"f:90:30:90:36":5,"s:91:4:91:Infinity":25,"f:91:32:91:33":6,"s:91:39:91:48":26,"s:95:34:106:Infinity":27,"f:95:34:95:35":7,"b:97:4:99:Infinity:undefined:undefined:undefined:undefined":6,"s:97:4:99:Infinity":28,"b:97:8:97:32:97:32:97:46":7,"s:98:6:98:Infinity":29,"b:102:4:105:Infinity:undefined:undefined:undefined:undefined":8,"s:102:4:105:Infinity":30,"b:102:8:102:29:102:29:102:41":9,"s:103:6:103:Infinity":31,"b:103:36:103:62:103:62:103:80":10,"s:104:6:104:Infinity":32,"b:108:2:110:Infinity:undefined:undefined:undefined:undefined":11,"s:108:2:110:Infinity":33,"s:109:4:109:Infinity":34,"s:112:2:227:Infinity":35,"b:124:11:124:Infinity:125:12:127:Infinity":12,"b:126:34:126:42:126:42:126:Infinity":13,"f:153:24:153:25":8,"s:154:14:205:Infinity":36,"f:158:25:158:31":9,"s:158:31:158:Infinity":37,"b:162:43:162:78:162:78:162:80":14,"b:179:51:179:88:179:88:179:122":15,"b:182:25:182:Infinity:183:26:183:Infinity":16,"b:212:7:212:Infinity:213:8:225:Infinity":17}}}}}